nohup: ignoring input
开始下载 SRR17043541 ...
2025-08-03T09:48:38 prefetch.3.1.1: 1) Resolving 'SRR17043541'...
2025-08-03T09:48:42 prefetch.3.1.1: Current preference is set to retrieve SRA Normalized Format files with full base quality scores
2025-08-03T09:48:44 prefetch.3.1.1: 1) Downloading 'SRR17043541'...
2025-08-03T09:48:44 prefetch.3.1.1:  SRA Normalized Format file is being retrieved
2025-08-03T09:48:44 prefetch.3.1.1:  Downloading via HTTPS...
2025-08-03T09:48:47 prefetch.3.1.1:  HTTPS download succeed
2025-08-03T09:48:47 prefetch.3.1.1:  'SRR17043541' is valid: 982859 bytes were streamed from 974371
2025-08-03T09:48:47 prefetch.3.1.1: 1) 'SRR17043541' was downloaded successfully
2025-08-03T09:48:48 prefetch.3.1.1: 'SRR17043541' has 25 unresolved dependencies
2025-08-03T09:48:58 prefetch.3.1.1: 1) Resolving 'SRR17043541'...
2025-08-03T09:49:00 prefetch.3.1.1: 1) Failed to resolve 'SRR17043541'...
2025-08-03T09:49:10 prefetch.3.1.1: 1) Resolving 'SRR17043541'...
2025-08-03T09:49:12 prefetch.3.1.1: 1) Failed to resolve 'SRR17043541'...
2025-08-03T09:48:48 prefetch.3.1.1 int: connection failed while opening file within cryptographic module - cannot get remote location for 'CM000663.1'
SRR17043541 第 1/3 次下载失败，重试中…
2025-08-03T09:49:00 prefetch.3.1.1 int: connection failed while opening file within cryptographic module - cannot resolve remote location of 'SRR17043541'
SRR17043541 第 2/3 次下载失败，重试中…
2025-08-03T09:49:12 prefetch.3.1.1 int: connection failed while opening file within cryptographic module - cannot resolve remote location of 'SRR17043541'
SRR17043541 第 3/3 次下载失败，重试中…
开始下载 SRR17043539 ...
2025-08-03T09:49:23 prefetch.3.1.1: 1) Resolving 'SRR17043539'...
2025-08-03T09:49:25 prefetch.3.1.1: 1) Failed to resolve 'SRR17043539'...
2025-08-03T09:49:35 prefetch.3.1.1: 1) Resolving 'SRR17043539'...
2025-08-03T09:49:37 prefetch.3.1.1: 1) Failed to resolve 'SRR17043539'...
2025-08-03T09:49:47 prefetch.3.1.1: 1) Resolving 'SRR17043539'...
2025-08-03T09:49:49 prefetch.3.1.1: 1) Failed to resolve 'SRR17043539'...
2025-08-03T09:49:25 prefetch.3.1.1 int: connection failed while opening file within cryptographic module - cannot resolve remote location of 'SRR17043539'
SRR17043539 第 1/3 次下载失败，重试中…
2025-08-03T09:49:37 prefetch.3.1.1 int: connection failed while opening file within cryptographic module - cannot resolve remote location of 'SRR17043539'
SRR17043539 第 2/3 次下载失败，重试中…
2025-08-03T09:49:49 prefetch.3.1.1 int: connection failed while opening file within cryptographic module - cannot resolve remote location of 'SRR17043539'
SRR17043539 第 3/3 次下载失败，重试中…
SRR17043539 经过 3 次尝试仍失败，记录到 /mnt/d/迅雷下载//failed.list
开始下载 SRR17043540 ...
2025-08-03T09:48:38 prefetch.3.1.1: 1) Resolving 'SRR17043540'...
2025-08-03T09:48:42 prefetch.3.1.1: Current preference is set to retrieve SRA Normalized Format files with full base quality scores
2025-08-03T09:48:44 prefetch.3.1.1: 1) Downloading 'SRR17043540'...
2025-08-03T09:48:44 prefetch.3.1.1:  SRA Normalized Format file is being retrieved
2025-08-03T09:48:44 prefetch.3.1.1:  Downloading via HTTPS...
2025-08-03T09:49:31 prefetch.3.1.1:  HTTPS download succeed
2025-08-03T09:49:31 prefetch.3.1.1:  'SRR17043540' is valid: 2539644 bytes were streamed from 2531874
2025-08-03T09:49:31 prefetch.3.1.1: 1) 'SRR17043540' was downloaded successfully
2025-08-03T09:49:31 prefetch.3.1.1: 'SRR17043540' has 25 unresolved dependencies
2025-08-03T09:49:42 prefetch.3.1.1: 1) Resolving 'SRR17043540'...
2025-08-03T09:49:44 prefetch.3.1.1: 1) Failed to resolve 'SRR17043540'...
2025-08-03T09:49:55 prefetch.3.1.1: 1) Resolving 'SRR17043540'...
2025-08-03T09:49:57 prefetch.3.1.1: 1) Failed to resolve 'SRR17043540'...
2025-08-03T09:49:31 prefetch.3.1.1 int: connection failed while opening file within cryptographic module - cannot get remote location for 'CM000663.1'
SRR17043540 第 1/3 次下载失败，重试中…
2025-08-03T09:49:44 prefetch.3.1.1 int: connection failed while opening file within cryptographic module - cannot resolve remote location of 'SRR17043540'
SRR17043540 第 2/3 次下载失败，重试中…
2025-08-03T09:49:57 prefetch.3.1.1 int: connection failed while opening file within cryptographic module - cannot resolve remote location of 'SRR17043540'
SRR17043540 第 3/3 次下载失败，重试中…
开始下载 SRR17043547 ...
2025-08-03T09:50:01 prefetch.3.1.1: 1) Resolving 'SRR17043547'...
2025-08-03T09:50:03 prefetch.3.1.1: 1) Failed to resolve 'SRR17043547'...
2025-08-03T09:50:13 prefetch.3.1.1: 1) Resolving 'SRR17043547'...
2025-08-03T09:50:15 prefetch.3.1.1: 1) Failed to resolve 'SRR17043547'...
2025-08-03T09:50:26 prefetch.3.1.1: 1) Resolving 'SRR17043547'...
2025-08-03T09:50:28 prefetch.3.1.1: 1) Failed to resolve 'SRR17043547'...
2025-08-03T09:50:03 prefetch.3.1.1 int: connection failed while opening file within cryptographic module - cannot resolve remote location of 'SRR17043547'
SRR17043547 第 1/3 次下载失败，重试中…
2025-08-03T09:50:15 prefetch.3.1.1 int: connection failed while opening file within cryptographic module - cannot resolve remote location of 'SRR17043547'
SRR17043547 第 2/3 次下载失败，重试中…
2025-08-03T09:50:28 prefetch.3.1.1 int: connection failed while opening file within cryptographic module - cannot resolve remote location of 'SRR17043547'
SRR17043547 第 3/3 次下载失败，重试中…
SRR17043547 经过 3 次尝试仍失败，记录到 /mnt/d/迅雷下载//failed.list
开始下载 SRR17043546 ...
2025-08-03T09:50:07 prefetch.3.1.1: 1) Resolving 'SRR17043546'...
2025-08-03T09:50:09 prefetch.3.1.1: 1) Failed to resolve 'SRR17043546'...
2025-08-03T09:50:19 prefetch.3.1.1: 1) Resolving 'SRR17043546'...
2025-08-03T09:50:22 prefetch.开始下载 SRR17043546 ...
2025-08-03T09:50:11 prefetch.3.1.1: 1) Resolving 'SRR17043546'...
2025-08-03T09:50:13 prefetch.3.1.1: 1) Failed to resolve 'SRR17043546'...
2025-08-03T09:50:24 prefetch.3.1.1: 1) Resolving 'SRR17043546'...
2025-08-03T09:50:27 prefetch.3.1.1: 1) Failed to resolve 'SRR17043546'...
2025-08-03T09:50:37 prefetch.3.1.1: 1) Resolving 'SRR17043546'...
2025-08-03T09:50:39 prefetch.3.1.1: 1) Failed to resolve 'SRR17043546'...
2025-08-03T09:50:13 prefetch.3.1.1 int: connection failed while opening file within cryptographic module - cannot resolve remote location of 'SRR17043546'
SRR17043546 第 1/3 次下载失败，重试中…
2025-08-03T09:50:27 prefetch.3.1.1 int: connection failed while opening file within cryptographic module - cannot resolve remote location of 'SRR17043546'
SRR17043546 第 2/3 次下载失败，重试中…
2025-08-03T09:50:39 prefetc开始下载 SRR17043545 ...
2025-08-03T09:50:38 prefetch.3.1.1: 1) Resolving 'SRR17043545'...
2025-08-03T09:50:40 prefetch.3.1.1: 1) Failed to resolve 'SRR17043545'...
2025-08-03T09:50:51 prefetch.3.1.1: 1) Resolving 'SRR17043545'...
2025-08-03T09:50:53 prefetch.开始下载 SRR17043545 ...
2025-08-03T09:50:49 prefetch.3.1.1: 1) Resolving 'SRR17043545'...
2025-08-03T09:50:51 prefetch.3.1.1: 1) Failed to resolve 'SRR17043545'...
2025-08-03T09:51:02 prefetch.3.1.1: 1) Resolving 'SRR17043545'...
2025-08-03T09:51:04 prefetch.3.1.1: 1) Failed to resolve 'SRR17043545'...
2025-08-03T09:51:14 prefetch.3.1.1: 1) Resolving 'SRR17043545'...
2025-08-03T09:51:16 prefetch.3.1.1: 1) Failed to resolve 'SRR17043545'...
2025-08-03T09:50:51 prefetch.3.1.1 int: connection failed while opening file within cryptographic module - cannot resolve remote location of 'SRR17043545'
SRR17043545 第 1/3 次下载失败，重试中…
2025-08-03T09:51:04 prefetch.3.1.1 int: connection failed while opening file within cryptographic module - cannot resolve remote location of 'SRR17043545'
SRR17043545 第 2/3 次下载失败，重试中…
2025-08-03T09:51:16 prefetch.3.1.1 int: connection failed while opening file within cryptographic module - cannot resolve remote location of 'SRR17043545'
SRR17043545 第 3/3 次下载失败，重试中…
SRR17043545 经过 3 次尝试仍失败，记录到 /mnt/d/迅雷下载//failed.list
开始下载 SRR17043544 ...
2025-08-03T09:51:26 prefetch.3.1.1: 1) Resolving 'SRR17043544'...
2025-08-03T09:51:29 prefetch.3.1.1: 1) Failed to resolve 'SRR17043544'...
2025-08-03T09:51:40 prefetch.3.1.1: 1) Resolving 'SRR17043544'...
2025-08-03T09:51:42 prefetch.3.1.1: 1) Failed to resolve 'SRR17043544'...
2025-08-03T09:51:52 prefetch.3.1.1: 1) Resolving 'SRR17043544'...
2025-08-03T09:51:54 prefetch.3.1.1: 1) Failed to resolve 'SRR17043544'...
2025-08-03T09:51:29 prefetch.3.1.1 int: connection failed while opening file within cryptographic module - cannot resolve remote location of 'SRR17043544'
SRR17043544 第 1/3 次下载失败，重试中…
2025-08-03T09:51:42 prefetch.3.1.1 int: connection failed while opening file within cryptographic module - cannot resolve remote location of 'SRR17043544'
SRR17043544 第 2/3 次下载失败，重试中…
2025-08-03T09:51:54 prefetch.3.1.1 int: connection failed while opening file within cryptographic module - cannot resolve remote location of 'SRR17043544'
SRR17043544 第 3/3 次下载失败，重试中…
SRR17043544 经过 3 次尝试仍失败，记录到 /mnt/d/迅雷下载//failed.list
开始下载 SRR16885498 ...
2025-08-03T09:52:05 prefetch.3.1.1: 1) Resolving 'SRR16885498'...
2025-08-03T09:52:07 prefetch.3.1.1: 1) Failed to resolve 'SRR16885498'...
2025-08-03T09:52:17 prefetch.3.1.1: 1) Resolving 'SRR16885498'...
2025-08-03T09:52:19 prefetch.3.1.1: 1) Failed to resolve 'SRR16885498'...
2025-08-03T09:52:29 prefetch.3.1.1: 1) Resolving 'SRR16885498'...
2025-08-03T09:52:31 prefetch.3.1.1: 1) Failed to resolve 'SRR16885498'...
2025-08-03T09:52:07 prefetch.3.1.1 int: connection failed while opening file within cryptographic module - cannot resolve remote location of 'SRR16885498'
SRR16885498 第 1/3 次下载失败，重试中…
2025-08-03T09:52:19 prefetch.3.1.1 int: connection failed while opening file within cryptographic module - cannot resolve remote location of 'SRR16885498'
SRR16885498 第 2/3 次下载失败，重试中…
2025-08-03T09:52:31 prefetch.3.1.1 int: connection failed while opening file within cryptographic module - cannot resolve remote location of 'SRR16885498'
SRR16885498 第 3/3 次下载失败，重试中…
SRR16885498 经过 3 次尝试仍失败，记录到 /mnt/d/迅雷下载//failed.list
开始下载 SRR16885443 ...
2025-08-03T09:52:43 prefetch.3.1.1: 1) Resolving 'SRR16885443'...
2025-08-03T09:52:45 prefetch.3.1.1: 1) Failed to resolve 'SRR16885443'...
2025-08-03T09:52:55 prefetch.3.1.1: 1) Resolving 'SRR16885443'...
2025-08-03T09:52:57 prefetch.3.1.1: 1) Failed to resolve 'SRR16885443'...
2025-08-03T09:53:07 prefetch.3.1.1: 1) Resolving 'SRR16885443'...
2025-08-03T09:53:09 prefetch.3.1.1: 1) Failed to resolve 'SRR16885443'...
2025-08-03T09:52:45 prefetch.3.1.1 int: connection failed while opening file within cryptographic module - cannot resolve remote location of 'SRR16885443'
SRR16885443 第 1/3 次下载失败，重试中…
2025-08-03T09:52:57 prefetch.3.1.1 int: connection failed while opening file within cryptographic module - cannot resolve remote location of 'SRR16885443'
SRR16885443 第 2/3 次下载失败，重试中…
2025-08-03T09:53:09 prefetch.3.1.1 int: connection failed while opening file within cryptographic module - cannot resolve remote location of 'SRR16885443'
SRR16885443 第 3/3 次下载失败，重试中…
SRR16885443 经过 3 次尝试仍失败，记录到 /mnt/d/迅雷下载//failed.list
开始下载 SRR17043541 ...
2025-08-03T09:44:57 prefetch.3.1.1: 1) Resolving 'SRR17043541'...
2025-08-03T09:45:00 prefetch.3.1.1: Current preference is set to retrieve SRA Normalized Format files with full base quality scores
2025-08-03T09:45:01 prefetch.3.1.1: 1) Downloading 'SRR17043541'...
2025-08-03T09:45:01 prefetch.3.1.1:  SRA Normalized Format file is being retrieved
2025-08-03T09:45:01 prefetch.3.1.1:  Downloading via HTTPS...
2025-08-03T09:45:04 prefetch.3.1.1:  HTTPS download succeed
2025-08-03T09:45:04 prefetch.3.1.1:  'SRR17043541' is valid: 982859 bytes were streamed from 974391
2025-08-03T09:45:04 prefetch.3.1.1: 1) 'SRR17043541' was downloaded successfully
2025-08-03T09:45:43 prefetch.3.1.1: 'SRR17043541' has 25 unresolved dependencies
2025-08-03T09:45:43 prefetch.3.1.1: 2) Resolving 'ncbi-acc:CM000663.1?vdb-ctx=refseq'...
2025-08-03T09:45:43 prefetch.3.1.1: 2) Downloading 'ncbi-acc:CM000663.1?vdb-ctx=refseq'...
2025-08-03T09:45:43 prefetch.3.1.1:  Downloading via HTTPS...
2025-08-03T09:46:28 prefetch.3.1.1:  HTTPS download succeed
2025-08-03T09:46:28 prefetch.3.1.1: 2) 'ncbi-acc:CM000663.1?vdb-ctx=refseq' was downloaded successfully
2025-08-03T09:46:28 prefetch.3.1.1: 3) Resolving 'ncbi-acc:CM000664.1?vdb-ctx=refseq'...
2025-08-03T09:46:28 prefetch.3.1.1: 3) Downloading 'ncbi-acc:CM000664.1?vdb-ctx=refseq'...
2025-08-03T09:46:28 prefetch.3.1.1:  Downloading via HTTPS...
2025-08-03T09:47:20 prefetch.3.1.1:  HTTPS download succeed
2025-08-03T09:47:20 prefetch.3.1.1: 3) 'ncbi-acc:CM000664.1?vdb-ctx=refseq' was downloaded successfully
2025-08-03T09:47:20 prefetch.3.1.1: 4) Resolving 'ncbi-acc:CM000665.1?vdb-ctx=refseq'...
2025-08-03T09:47:20 prefetch.3.1.1: 4) Downloading 'ncbi-acc:CM000665.1?vdb-ctx=refseq'...
2025-08-03T09:47:20 prefetch.3.1.1:  Downloading via HTTPS...
2025-08-03T09:47:59 prefetch.3.1.1:  HTTPS download succeed
2025-08-03T09:47:59 prefetch.3.1.1: 4) 'ncbi-acc:CM000665.1?vdb-ctx=refseq' was downloaded successfully
2025-08-03T09:47:59 prefetch.3.1.1: 5) Resolving 'ncbi-acc:CM000666.1?vdb-ctx=refseq'...
2025-08-03T09:47:59 prefetch.3.1.1: 5) Downloading 'ncbi-acc:CM000666.1?vdb-ctx=refseq'...
2025-08-03T09:47:59 prefetch.3.1.1:  Downloading via HTTPS...
2025-08-03T09:52:46 prefetch.3.1.1:  HTTPS download succeed
2025-08-03T09:52:56 prefetch.3.1.1: 1) Resolving 'SRR17043541'...
2025-08-03T09:52:58 prefetch.3.1.1: 1) Failed to resolve 'SRR17043541'...
2025-08-03T09:53:08 prefetch.3.1.1: 1) Resolving 'SRR17043541'...
2025-08-03T09:53:10 prefetch.3.1.1: 1) Failed to resolve 'SRR17043541'...
2025-08-03T09:52:46 prefetch.3.1.1 int: path not found while opening directory within file system module - Cannot OpenFileWrite(/mnt/d/迅雷下载/CM000666.1.tmp)
2025-08-03T09:52:46 prefetch.3.1.1 int: path not found while renaming directory within file system module - cannot rename /mnt/d/迅雷下载/CM000666.1.tmp to /mnt/d/迅雷下载/CM000666.1
2025-08-03T09:52:46 prefetch.3.1.1 int: path not found while renaming directory within file system module - 5) failed to download 'ncbi-acc:CM000666.1?vdb-ctx=refseq'
SRR17043541 第 1/3 次下载失败，重试中…
2025-08-03T09:52:58 prefetch.3.1.1 int: connection failed while opening file within cryptographic module - cannot resolve remote location of 'SRR17043541'
SRR17043541 第 2/3 次下载失败，重试中…
2025-08-03T09:53:10 prefetch.3.1.1 int: connection failed while opening file within cryptographic module - cannot resolve remote location of 'SRR17043541'
SRR17043541 第 3/3 次下载失败，重试中…
开始下载 SRR16885444 ...
2025-08-03T09:53:20 prefetch.3.1.1: 1) Resolving 'SRR16885444'...
2025-08-03T09:53:22 prefetch.3.1.1: 1) Failed to resolve 'SRR16885444'...
2025-08-03T09:53:32 prefetch.3.1.1: 1) Resolving 'SRR16885444'...
2025-08-03T09:53:35 prefetch.3.1.1: 1) Failed to resolve 'SRR16885444'...
2025-08-03T09:53:46 prefetch.3.1.1: 1) Resolving 'SRR16885444'...
2025-08-03T09:53:48 prefetch.3.1.1: 1) Failed to resolve 'SRR16885444'...
2025-08-03T09:53:22 prefetch.3.1.1 int: connection failed while opening file within cryptographic module - cannot resolve remote location of 'SRR16885444'
SRR16885444 第 1/3 次下载失败，重试中…
2025-08-03T09:53:35 prefetch.3.1.1 int: connection failed while opening file within cryptographic module - cannot resolve remote location of 'SRR16885444'
SRR16885444 第 2/3 次下载失败，重试中…
2025-08-03T09:53:48 prefetch.3.1.1 int: connection failed while opening file within cryptographic module - cannot resolve remote location of 'SRR16885444'
SRR16885444 第 3/3 次下载失败，重试中…
SRR16885444 经过 3 次尝试仍失败，记录到 /mnt/d/迅雷下载//failed.list
开始下载 SRR16885445 ...
2025-08-03T09:53:21 prefetch.3.1.1: 1) Resolving 'SRR16885445'...
2025-08-03T09:53:23 prefetch.3.1.1: 1) Failed to resolve 'SRR16885445'...
2025-08-03T09:53:33 prefetch.3.1.1: 1) Resolving 'SRR16885445'...
2025-08-03T09:53:35 prefetch.3.1.1: 1) Failed to resolve 'SRR16885445'...
2025-08-03T09:53:47 prefetch.3.1.1: 1) Resolving 'SRR16885445'...
2025-08-03T09:53:49 prefetch.3.1.1: 1) Failed to resolve 'SRR16885445'...
2025-08-03T09:53:23 prefetch.3.1.1 int: connection failed while opening file within cryptographic module - cannot resolve remote location of 'SRR16885445'
SRR16885445 第 1/3 次下载失败，重试中…
2025-08-03T09:53:35 prefetch.3.1.1 int: connection failed while opening file within cryptographic module - cannot resolve remote location of 'SRR16885445'
SRR16885445 第 2/3 次下载失败，重试中…
2025-08-03T09:53:49 prefetch.3.1.1 int: connection failed while opening file within cryptographic module - cannot resolve remote location of 'SRR16885445'
SRR16885445 第 3/3 次下载失败，重试中…
SRR16885445 经过 3 次尝试仍失败，记录到 /mnt/d/迅雷下载//failed.list
开始下载 SRR17043542 ...
2025-08-03T09:44:57 prefetch.3.1.1: 1) Resolving 'SRR17043542'...
2025-08-03T09:45:00 prefetch.3.1.1: Current preference is set to retrieve SRA Normalized Format files with full base quality scores
2025-08-03T09:45:01 prefetch.3.1.1: 1) Downloading 'SRR17043542'...
2025-08-03T09:45:01 prefetch.3.1.1:  SRA Normalized Format file is being retrieved
2025-08-03T09:45:01 prefetch.3.1.1:  Downloading via HTTPS...
2025-08-03T09:53:32 prefetch.3.1.1:  HTTPS download succeed
2025-08-03T09:53:42 prefetch.3.1.1: 1) Resolving 'SRR17043542'...
2025-08-03T09:53:45 prefetch.3.1.1: 1) Failed to resolve 'SRR17043542'...
2025-08-03T09:53:55 prefetch.3.1.1: 1) Resolving 'SRR17043542'...
2025-08-03T09:53:57 prefetch.3.1.1: 1) Failed to resolve 'SRR17043542'...
2025-08-03T09:53:开始下载 SRR16885449 ...
2025-08-03T09:53:48 prefetch.3.1.1: 1) Resolving 'SRR16885449'...
2025-08-03T09:53:50 prefetch.3.1.1: 1) Failed to resolve 'SRR16885449'...
2025-08-03T09:54:00 prefetch.3.1.1: 1) Resolving 'SRR16885449'...
2025-08-03T09:54:02 prefetch.3.1.1: 1) Failed to resolve 'SRR16885449'...
2025-08-03T09:54:12 prefetch.3.1.1: 1) Resolving 'SRR16885449'...
2025-08-03T09:54:14 prefetch.3.1.1: 1) Failed to resolve 'SRR16885449'...
2025-08-03T09:53:50 prefetch.3.1.1 int: connection failed while opening file within cryptographic module - cannot resolve remote location of 'SRR16885449'
SRR16885449 第 1/3 次下载失败，重试中…
2025-08-03T09:54:02 prefetch.3.1.1 int: connection failed while opening file within cryptographic module开始下载 SRR16885446 ...
2025-08-03T09:53:58 prefetch.3.1.1: 1) Resolving 'SRR16885446'...
2025-08-03T09:54:00 prefetch.3.1.1: 1) Failed to resolve 'SRR16885446'...
2025-08-03T09:54:10 prefetch.3.1.1: 1) Resolving 'SRR16885446'...
2025-08-03T09:54:12 prefetch.3.1.1: 1) Failed to resolve 'SRR16885446'...
2025-08-03T09:54:23 prefetch.3.1.1: 1) Resolving 'SRR16885446'...
2025-08-03T09:54:25 prefetch.3.1.1: 1) Failed to resolve 'SRR16885446'...
2025-08-03T09:54:00 prefetch.3.1.1 int: connection failed while opening file within cryptographic module - cannot resolve remote location of 'SRR16885446'
SRR16885446 第 1/3 次下载失败，重试中…
2025-08-03T09:54:12 prefetch.3.1.1 int: connection failed while opening file within cryptographic module - cannot resolve remote location of 'SRR16885446'
SRR16885446 第 2/3 次下载失败，重试中…
2025-08-03T09:54:25 prefetch.3.1.1 int: connection failed while opening file within cryptographic module - cannot resolve remote location of 'SRR16885446'
SRR16885446 第 3/3 次下载失败，重试中…
SRR16885446 经过 3 次尝试仍失败，记录到 /mnt/d/迅雷下载//failed.list
开始下载 SRR16885442 ...
2025-08-03T09:53:59 prefetch.3.1.1: 1) Resolving 'SRR16885442'...
2025-08-03T09:54:01 prefetch.3.1.1: 1) Failed to resolve 'SRR16885442'...
2025-08-03T09:54:11 prefetch.3.1.1: 1) Resolving 'SRR16885442'...
2025-08-03T09:54:13 prefetch.3.1.1: 1) Failed to resolve 'SRR16885442'...
2025-08-03T09:54:24 prefetch.3.1.1: 1) Resolving 'SRR16885442'...
2025-08-03T09:54:26 prefetch.3.1.1: 1) Failed to resolve 'SRR16885442'...
2025-08-03T09:54:01 prefetch.3.1.1 int: connection failed while opening file within cryptographic module - cannot resolve remote location of 'SRR16885442'
SRR16885442 第 1/3 次下载失败，重试中…
2025-08-03T09:54:13 prefetch.3.1.1 int: connection failed while opening file within cryptographic module - cannot resolve remote location of 'SRR16885442'
SRR16885442 第 2/3 次下载失败，重试中…
2025-08-03T09:54:26 prefetch.3.1.1 int: connection failed while opening file within cryptographic module - cannot resolve remote location of 'SRR16885442'
SRR16885442 第 3/3 次下载失败，重试中…
SRR16885442 经过 3 次尝试仍失败，记录到 /mnt/d/迅雷下载//failed.list
开始下载 SRR16885447 ...
2025-08-03T09:54:07 prefetch.3.1.1: 1) Resolving 'SRR16885447'...
2025-08-03T09:54:09 prefetch.3.1.1: 1) Failed to resolve 'SRR16885447'...
2025-08-03T09:54:20 prefetch.3.1.1: 1) Resolving 'SRR16885447'...
2025-08-03T09:54:22 prefetch.3.1.1: 1) Failed to resolve 'SRR16885447'...
2025-08-03T09:54:33 prefetch.3.1.1: 1) Resolving 'SRR16885447'...
2025-08-03T09:54:35 prefetch.3.1.1: 1) Failed to resolve 'SRR16885447'...
2025-08-03T09:54:09 prefetch.3.1.1 int: connection failed while opening file within cryptographic module - cannot resolve remote location of 'SRR16885447'
SRR16885447 第 1/3 次下载失败，重试中…
2025-08-03T09:54:22 prefetch.3.1.1 int: connection failed while opening file within cryptographic module - cannot resolve remote location of 'SRR16885447'
SRR16885447 第 2/3 次下载失败，重试中…
2025-08-03T09:54:35 prefetch.3.1.1 int: connection failed while opening file within cryptographic module - cannot resolve remot开始下载 SRR16885451 ...
2025-08-03T09:54:25 prefetch.3.1.1: 1) Resolving 'SRR16885451'...
2025-08-03T09:54:27 prefetch.3.1.1: 1) Failed to resolve 'SRR16885451开始下载 SRR16885448 ...
2025-08-03T09:54:36 prefetch.3.1.1: 1) Resolving 'SRR16885448'...
2025-08-03T09:54:38 prefetch.3.1.1: 1) Failed to resolve 'SRR16885448'...
2025-08-03T09:54:48 prefetch.3.1.1: 1) Resolving 'SRR16885448'...
2025-08-03T09:54:50 prefetch.3.1.1: 1) Failed to resolve 'SRR16885448'...
2025-08-03T09:55:01 prefetch.3.1.1: 1) Resolving 'SRR16885448'...
2025-08-03T09:55:03 prefetch.3.1.1: 1) Failed to resolve 'SRR16885448'...
2025-08-03T09:54:38 prefetch.3.1.1 int: connection failed while opening file within cryptographic module - cannot resolve remote location of 'SRR16885448'
SRR16885448 第 1/3 次下载失败，重试中…
2025-08-03T09:54:50 prefetch.3.1.1 int: connection failed while opening file within cryptographic module - cannot resolve remote location of 'SRR16885448'
SRR16885448 第 2/3 次下载失败，重试中…
2025-08-03T09:55:03 prefetch.3.1.1 int: connection failed while opening file within cryptographic module - cannot resolve remote location of 'SRR16885448'
SRR16885448 第 3/3 次下载失败，重试中…
SRR16885448 经过 3 次尝试仍失败，记录到 /mnt/d/迅雷下载//failed.list
开始下载 SRR16885449 ...
2025-08-03T09:54:36 prefetch.3.1.1: 1) Resolving 'SRR16885449'...
2025-08-03T09:54:38 prefetch.3.1.1: 1) Failed to resolve 'SRR16885449'...
2025-08-03T09:54:48 prefetch.3.1.1: 1) Resolving 'SRR16885449'...
2025-08-03T09:54:52 prefetch.3.1.1: 1) Failed to resolve 'SRR16885449'...
2025-08-03T09:55:02 prefetch.3.1.1: 1) Resolving 'SRR16885449'...
2025-08-03T09:55:04 prefetch.3.1.1: 1) Failed to resolve 'SRR16885449'...
2025-08-03T09:54:38 prefetch.3.1.1 int: connection failed while opening file within cryptographic module - cannot resolve remote location of 'SRR16885449'
SRR16885449 第 1/3 次下载失败，重试中…
2025-08-03T09:54:52 prefetch.3.1.1 int: connection failed while opening file within cryptographic module - cannot resolve remote location of 'SRR16885449'
SRR16885449 第 2/3 次下载失败，重试中…
2025-08-03T09:55:04 prefetch.3.1.1 int: connection failed while opening file within cryptographic module - cannot resolve remote location of 'SRR16885449'
SRR16885449 第 3/3 次下载失败，重试中…
SRR16885449 经过 3 次尝试仍失败，记录到 /mnt/d/迅雷下载//failed.list
开始下载 SRR16885450 ...
2025-08-03T09:54:45 prefetch.3.1.1: 1) Resolving 'SRR16885450'...
2025-08-03T09:54:47 prefetch.3.1.1: 1) Failed to resolve 'SRR16885450'...
2025-08-03T09:54:58 prefetch.3.1.1: 1) Resolving 'SRR16885450'...
2025-08-03T09:55:00 prefetch.3.1.1: 1) Failed to resolve 'SRR16885450'...
2025-08-03T09:55:10 prefetch.3.1.1: 1) Resolving 'SRR16885450'...
2025-08-03T09:55:12 prefetch.3.1.1: 1) Failed to resolve 'SRR16885450'...
2025-08-03T09:54:47 prefetch.3.1.1 int: connection failed while opening file within cryptographic module - cannot resolve remote location of 'SRR16885450'
SRR16885450 第 1/3 次下载失败，重试中…
2025-08-03T09:55:00 prefetch.3.1.1 int: connection failed while opening file within cryptographic module - cannot resolve remote location of 'SRR16885450'
SRR16885450 第 2/3 次下载失败，重试中…
2025-08-03T09:55:12 prefetch.3.1.1 int: connection failed while opening file within cryptographic module - cannot resolve remot开始下载 SRR16885456 ...
2025-08-03T09:55:03 prefetch.3.1.1: 1) Resolving 'SRR16885456'...
2025-08-03T09:55:05 prefetch.3.1.1: 1) Failed to resolve 'SRR16885456开始下载 SRR16885451 ...
2025-08-03T09:55:13 prefetch.3.1.1: 1) Resolving 'SRR16885451'...
2025-08-03T09:55:15 prefetch.3.1.1: 1) Failed to resolve 'SRR16885451'...
2025-08-03T09:55:26 prefetch.3.1.1: 1) Resolving 'SRR16885451'...
2025-08-03T09:55:28 prefetch.3.1.1: 1) Failed to resolve 'SRR16885451'...
2025-08-03T09:55:38 prefetch.3.1.1: 1) Resolving 'SRR16885451'...
2025-08-03T09:55:41 prefetch.3.1.1: 1) Failed to resolve 'SRR16885451'...
2025-08-03T09:55:15 prefetch.3.1.1 int: connection failed while opening file within cryptographic module - cannot resolve remote location of 'SRR16885451'
SRR16885451 第 1/3 次下载失败，重试中…
2025-08-03T09:55:28 prefetch.3.1.1 int: connection failed while opening file within cryptographic module - cannot resolve remote location of 'SRR16885451'
SRR16885451 第 2/3 次下载失败，重试中…
2025-08-03T09:55:41 prefetch.3.1.1 int: connection failed while opening file within cryptographic module - cannot resolve remote location of 'SRR16885451'
SRR16885451 第 3/3 次下载失败，重试中…
SRR16885451 经过 3 次尝试仍失败，记录到 /mnt/d/迅雷下载//failed.list
开始下载 SRR16885454 ...
2025-08-03T09:55:14 prefetch.3.1.1: 1) Resolving 'SRR16885454'...
2025-08-03T09:55:16 prefetch.3.1.1: 1) Failed to resolve 'SRR16885454'...
2025-08-03T09:55:27 prefetch.3.1.1: 1) Resolving 'SRR16885454'...
2025-08-03T09:55:29 prefetch.3.1.1: 1) Failed to resolve 'SRR16885454'...
2025-08-03T09:55:39 prefetch.3.1.1: 1) Resolving 'SRR16885454'...
2025-08-03T09:55:41 prefetch.3.1.1: 1) Failed to resolve 'SRR16885454'...
2025-08-03T09:55:16 prefetch.3.1.1 int: connection failed while opening file within cryptographic module - cannot resolve remote location of 'SRR16885454'
SRR16885454 第 1/3 次下载失败，重试中…
2025-08-03T09:55:29 prefetch.3.1.1 int: connection failed while opening file within cryptographic module - cannot resolve remote location of 'SRR16885454'
SRR16885454 第 2/3 次下载失败，重试中…
2025-08-03T09:55:41 prefetch.3.1.1 int: connection failed while opening file within cryptographic module - cannot resolve remote location of 'SRR16885454'
SRR16885454 第 3/3 次下载失败，重试中…
SRR16885454 经过 3 次尝试仍失败，记录到 /mnt/d/迅雷下载//failed.list
开始下载 SRR16885455 ...
2025-08-03T09:55:22 prefetch.3.1.1: 1) Resolving 'SRR16885455'...
2025-08-03T09:55:25 prefetch.3.1.1: 1) Failed to resolve 'SRR16885455'...
2025-08-03T09:55:35 prefetch.3.1.1: 1) Resolving 'SRR16885455'...
2025-08-03T09:55:38 prefetch.3.1.1: 1) Failed to resolve 'SRR16885455'...
2025-08-03T09:55:48 prefetch.3.1.1: 1) Resolving 'SRR16885455'...
2025-08-03T09:55:50 prefetch.3.1.1: 1) Failed to resolve 'SRR16885455'...
2025-08-03T09:55:25 prefetch.3.1.1 int: connection failed while opening file within cryptographic module - cannot resolve remote location of 'SRR16885455'
SRR16885455 第 1/3 次下载失败，重试中…
2025-08-03T09:55:38 prefetch.3.1.1 int: connection failed while opening file within cryptographic module - cannot resolve remote location of 'SRR16885455'
SRR16885455 第 2/3 次下载失败，重试中…
2025-08-03T09:55:50 prefetch.3.1.1 int: connection failed while opening file within cryptographic module - cannot resolve remot开始下载 SRR16885461 ...
2025-08-03T09:55:40 prefetch.3.1.1: 1) Resolving 'SRR16885461'...
2025-08-03T09:55:42 prefetch.3.1.1: 1) Failed to resolve 'SRR16885461开始下载 SRR16885456 ...
2025-08-03T09:55:51 prefetch.3.1.1: 1) Resolving 'SRR16885456'...
2025-08-03T09:55:53 prefetch.3.1.1: 1) Failed to resolve 'SRR16885456'...
2025-08-03T09:56:04 prefetch.3.1.1: 1) Resolving 'SRR16885456'...
2025-08-03T09:56:06 prefetch.3.1.1: 1) Failed to resolve 'SRR16885456'...
2025-08-03T09:56:16 prefetch.3.1.1: 1) Resolving 'SRR16885456'...
2025-08-03T09:56:18 prefetch.3.1.1: 1) Failed to resolve 'SRR16885456'...
2025-08-03T09:55:53 prefetch.3.1.1 int: connection failed while opening file within cryptographic module - cannot resolve remote location of 'SRR16885456'
SRR16885456 第 1/3 次下载失败，重试中…
2025-08-03T09:56:06 prefetch.3.1.1 int: connection failed while opening file within cryptographic module - cannot resolve remote location of 'SRR16885456'
SRR16885456 第 2/3 次下载失败，重试中…
2025-08-03T09:56:18 prefetch.3.1.1 int: connection failed while opening file within cryptographic module - cannot resolve remote location of 'SRR16885456'
SRR16885456 第 3/3 次下载失败，重试中…
SRR16885456 经过 3 次尝试仍失败，记录到 /mnt/d/迅雷下载//failed.list
开始下载 SRR16885452 ...
2025-08-03T09:55:51 prefetch.3.1.1: 1) Resolving 'SRR16885452'...
2025-08-03T09:55:53 prefetch.3.1.1: 1) Failed to resolve 'SRR16885452'...
2025-08-03T09:56:05 prefetch.3.1.1: 1) Resolving 'SRR16885452'...
2025-08-03T09:56:07 prefetch.3.1.1: 1) Failed to resolve 'SRR16885452'...
2025-08-03T09:56:17 prefetch.3.1.1: 1) Resolving 'SRR16885452'...
2025-08-03T09:56:19 prefetch.3.1.1: 1) Failed to resolve 'SRR16885452'...
2025-08-03T09:55:53 prefetch.3.1.1 int: connection failed while opening file within cryptographic module - cannot resolve remote location of 'SRR16885452'
SRR16885452 第 1/3 次下载失败，重试中…
2025-08-03T09:56:07 prefetch.3.1.1 int: connection failed while opening file within cryptographic module - cannot resolve remote location of 'SRR16885452'
SRR16885452 第 2/3 次下载失败，重试中…
2025-08-03T09:56:19 prefetch.3.1.1 int: connection failed while opening file within cryptographic module - cannot resolve remote location of 'SRR16885452'
SRR16885452 第 3/3 次下载失败，重试中…
SRR16885452 经过 3 次尝试仍失败，记录到 /mnt/d/迅雷下载//failed.list
开始下载 SRR16885453 ...
2025-08-03T09:56:01 prefetch.3.1.1: 1) Resolving 'SRR16885453'...
2025-08-03T09:56:03 prefetch.3.1.1: 1) Failed to resolve 'SRR16885453'...
2025-08-03T09:56:13 prefetch.3.1.1: 1) Resolving 'SRR16885453'...
2025-08-03T09:56:15 prefetch.3.1.1: 1) Failed to resolve 'SRR16885453'...
2025-08-03T09:56:25 prefetch.3.1.1: 1) Resolving 'SRR16885453'...
2025-08-03T09:56:27 prefetch.3.1.1: 1) Failed to resolve 'SRR16885453'...
2025-08-03T09:56:03 prefetch.3.1.1 int: connection failed while opening file within cryptographic module - cannot resolve remote location of 'SRR16885453'
SRR16885453 第 1/3 次下载失败，重试中…
2025-08-03T09:56:15 prefetch.3.1.1 int: connection failed while opening file within cryptographic module - cannot resolve remote location of 'SRR16885453'
SRR16885453 第 2/3 次下载失败，重试中…
2025-08-03T09:56:27 prefetch.3.1.1 int: connection failed while opening file within cryptographic module - cannot resolve remot开始下载 SRR16885458 ...
2025-08-03T09:56:18 prefetch.3.1.1: 1) Resolving 'SRR16885458'...
2025-08-03T09:56:20 prefetch.3.1.1: 1) Failed to resolve 'SRR16885458开始下载 SRR16885461 ...
2025-08-03T09:56:28 prefetch.3.1.1: 1) Resolving 'SRR16885461'...
2025-08-03T09:56:30 prefetch.3.1.1: 1) Failed to resolve 'SRR16885461'...
2025-08-03T09:56:41 prefetch.3.1.1: 1) Resolving 'SRR16885461'...
2025-08-03T09:56:44 prefetch.3.1.1: 1) Failed to resolve 'SRR16885461'...
2025-08-03T09:56:54 prefetch.3.1.1: 1) Resolving 'SRR16885461'...
2025-08-03T09:56:56 prefetch.3.1.1: 1) Failed to resolve 'SRR16885461'...
2025-08-03T09:56:30 prefetch.3.1.1 int: connection failed while opening file within cryptographic module - cannot resolve remote location of 'SRR16885461'
SRR16885461 第 1/3 次下载失败，重试中…
2025-08-03T09:56:44 prefetch.3.1.1 int: connection failed while opening file within cryptographic module - cannot resolve remote location of 'SRR16885461'
SRR16885461 第 2/3 次下载失败，重试中…
2025-08-03T09:56:56 prefetch.3.1.1 int: connection failed while opening file within cryptographic module - cannot resolve remote location of 'SRR16885461'
SRR16885461 第 3/3 次下载失败，重试中…
SRR16885461 经过 3 次尝试仍失败，记录到 /mnt/d/迅雷下载//failed.list
开始下载 SRR16885460 ...
2025-08-03T09:56:29 prefetch.3.1.1: 1) Resolving 'SRR16885460'...
2025-08-03T09:56:32 prefetch.3.1.1: 1) Failed to resolve 'SRR16885460'...
2025-08-03T09:56:42 prefetch.3.1.1: 1) Resolving 'SRR16885460'...
2025-08-03T09:56:44 prefetch.3.1.1: 1) Failed to resolve 'SRR16885460'...
2025-08-03T09:56:54 prefetch.3.1.1: 1) Resolving 'SRR16885460'...
2025-08-03T09:56:56 prefetch.3.1.1: 1) Failed to resolve 'SRR16885460'...
2025-08-03T09:56:32 prefetch.3.1.1 int: connection failed while opening file within cryptographic module - cannot resolve remote location of 'SRR16885460'
SRR16885460 第 1/3 次下载失败，重试中…
2025-08-03T09:56:44 prefetch.3.1.1 int: connection failed while opening file within cryptographic module - cannot resolve remote location of 'SRR16885460'
SRR16885460 第 2/3 次下载失败，重试中…
2025-08-03T09:56:56 prefetch.3.1.1 int: connection failed while opening file within cryptographic module - cannot resolve remote location of 'SRR16885460'
SRR16885460 第 3/3 次下载失败，重试中…
SRR16885460 经过 3 次尝试仍失败，记录到 /mnt/d/迅雷下载//failed.list
开始下载 SRR16885457 ...
2025-08-03T09:56:38 prefetch.3.1.1: 1) Resolving 'SRR16885457'...
2025-08-03T09:56:41 prefetch.3.1.1: 1) Failed to resolve 'SRR16885457'...
2025-08-03T09:56:51 prefetch.3.1.1: 1) Resolving 'SRR16885457'...
2025-08-03T09:56:53 prefetch.3.1.1: 1) Failed to resolve 'SRR16885457'...
2025-08-03T09:57:03 prefetch.3.1.1: 1) Resolving 'SRR16885457'...
2025-08-03T09:57:06 prefetch.3.1.1: 1) Failed to resolve 'SRR16885457'...
2025-08-03T09:56:41 prefetch.3.1.1 int: connection failed while opening file within cryptographic module - cannot resolve remote location of 'SRR16885457'
SRR16885457 第 1/3 次下载失败，重试中…
2025-08-03T09:56:53 prefetch.3.1.1 int: connection failed while opening file within cryptographic module - cannot resolve remote location of 'SRR16885457'
SRR16885457 第 2/3 次下载失败，重试中…
2025-08-03T09:57:06 prefetch.3.1.1 int: connection failed while opening file within cryptographic module - cannot resolve remot开始下载 SRR16885466 ...
2025-08-03T09:56:55 prefetch.3.1.1: 1) Resolving 'SRR16885466'...
2025-08-03T09:56:57 prefetch.3.1.1: 1) Failed to resolve 'SRR16885466开始下载 SRR16885458 ...
2025-08-03T09:57:07 prefetch.3.1.1: 1) Resolving 'SRR16885458'...
2025-08-03T09:57:09 prefetch.3.1.1: 1) Failed to resolve 'SRR16885458'...
2025-08-03T09:57:19 prefetch.3.1.1: 1) Resolving 'SRR16885458'...
2025-08-03T09:57:21 prefetch.3.1.1: 1) Failed to resolve 'SRR16885458'...
2025-08-03T09:57:31 prefetch.3.1.1: 1) Resolving 'SRR16885458'...
2025-08-03T09:57:33 prefetch.3.1.1: 1) Failed to resolve 'SRR16885458'...
2025-08-03T09:57:09 prefetch.3.1.1 int: connection failed while opening file within cryptographic module - cannot resolve remote location of 'SRR16885458'
SRR16885458 第 1/3 次下载失败，重试中…
2025-08-03T09:57:21 prefetch.3.1.1 int: connection failed while opening file within cryptographic module - cannot resolve remote location of 'SRR16885458'
SRR16885458 第 2/3 次下载失败，重试中…
2025-08-03T09:57:33 prefetch.3.1.1 int: connection failed while opening file within cryptographic module - cannot resolve remote location of 'SRR16885458'
SRR16885458 第 3/3 次下载失败，重试中…
SRR16885458 经过 3 次尝试仍失败，记录到 /mnt/d/迅雷下载//failed.list
开始下载 SRR16885459 ...
2025-08-03T09:57:08 prefetch.3.1.1: 1) Resolving 'SRR16885459'...
2025-08-03T09:57:10 prefetch.3.1.1: 1) Failed to resolve 'SRR16885459'...
2025-08-03T09:57:20 prefetch.3.1.1: 1) Resolving 'SRR16885459'...
2025-08-03T09:57:22 prefetch.3.1.1: 1) Failed to resolve 'SRR16885459'...
2025-08-03T09:57:32 prefetch.3.1.1: 1) Resolving 'SRR16885459'...
2025-08-03T09:57:34 prefetch.3.1.1: 1) Failed to resolve 'SRR16885459'...
2025-08-03T09:57:10 prefetch.3.1.1 int: connection failed while opening file within cryptographic module - cannot resolve remote location of 'SRR16885459'
SRR16885459 第 1/3 次下载失败，重试中…
2025-08-03T09:57:22 prefetch.3.1.1 int: connection failed while opening file within cryptographic module - cannot resolve remote location of 'SRR16885459'
SRR16885459 第 2/3 次下载失败，重试中…
2025-08-03T09:57:34 prefetch.3.1.1 int: connection failed while opening file within cryptographic module - cannot resolve remote location of 'SRR16885459'
SRR16885459 第 3/3 次下载失败，重试中…
SRR16885459 经过 3 次尝试仍失败，记录到 /mnt/d/迅雷下载//failed.list
开始下载 SRR16885465 ...
2025-08-03T09:57:16 prefetch.3.1.1: 1) Resolving 'SRR16885465'...
2025-08-03T09:57:18 prefetch.3.1.1: 1) Failed to resolve 'SRR16885465'...
2025-08-03T09:57:28 prefetch.3.1.1: 1) Resolving 'SRR16885465'...
2025-08-03T09:57:30 prefetch.3.1.1: 1) Failed to resolve 'SRR16885465'...
2025-08-03T09:57:41 prefetch.3.1.1: 1) Resolving 'SRR16885465'...
2025-08-03T09:57:43 prefetch.3.1.1: 1) Failed to resolve 'SRR16885465'...
2025-08-03T09:57:18 prefetch.3.1.1 int: connection failed while opening file within cryptographic module - cannot resolve remote location of 'SRR16885465'
SRR16885465 第 1/3 次下载失败，重试中…
2025-08-03T09:57:30 prefetch.3.1.1 int: connection failed while opening file within cryptographic module - cannot resolve remote location of 'SRR16885465'
SRR16885465 第 2/3 次下载失败，重试中…
2025-08-03T09:57:43 prefetch.3.1.1 int: connection failed while opening file within cryptographic module - cannot resolve remot开始下载 SRR16885464 ...
2025-08-03T09:57:33 prefetch.3.1.1: 1) Resolving 'SRR16885464'...
2025-08-03T09:57:35 prefetch.3.1.1: 1) Failed to resolve 'SRR16885464'...
2025-08-03T09:57:46 prefetch.3.1.1: 1) Resolving 'SRR16885464'...
2025-08-03T09:57:48 prefetch.3.1.1: 1) Failed to resolve 'SRR16885464'...
2025-08-03T09:57:58 prefetch.3.1.1: 1) Resolving 'SRR16885464'...
2025-08-03T09:58:00 prefetch.3.1.1: 1) Failed to resolve 'SRR16885464'...
2025-08-03T09:57:35 prefetch.3.1.1 int: connection failed while opening file within cryptographic module - cannot resolve remote location of 'SRR16885464'
SRR16885464 第 1/3 次下载失败，重试中…
2025-08-03T09:57:48 prefetch.3.1.1 int: connection failed while opening file within cryptographic module - cannot resolve remote location of 'SRR16885464'
SRR16885464 第 2/3 次下载失败，重试中…
2025-08-03T09:58:00 prefetch.3.1.1 int: connection failed while opening file within cryptographic module - cannot resolve remote location of 'SRR16885464'
SRR16885464 第 3/3 次下载失败，重试中…
SRR16885464 经过 3 次尝试仍失败，记录到 /mnt/d/迅雷下载//failed.list
开始下载 SRR16885467 ...
2025-08-03T09:57:41 prefetch.3.1.1: 1) Resolving 'SRR16885467'...
2025-08-03T09:57:43 prefetch.3.1.1: 1) Failed to resolve 'SRR16885467'...
2025-08-03T09:57:53 prefetch.3.1.1: 1) Resolving 'SRR16885467'...
2025-08-03T09:57:55 prefetch.3.1.1: 1) Failed to resolve 'SRR16885467'...
2025-08-03T09:58:05 prefetch.3.1.1: 1) Resolving 'SRR16885467'...
2025-08-03T09:58:07 prefetch.3.1.1: 1) Failed to resolve 'SRR16885467'...
2025-08-03T09:57:43 prefetch.3.1.1 int: connection failed while opening file within cryptographic module - cannot resolve remote location of开始下载 SRR16885466 ...
2025-08-03T09:57:44 prefetch.3.1.1: 1) Resolving 'SRR16885466'...
2025-08-03T09:57:47 prefetch.3.1.1: 1) Failed to resolve 'SRR16885466'...
2025-08-03T09:57:57 prefetch.3.1.1: 1) Resolving 'SRR16885466'...
2025-08-03T09:57:59 prefetch.3.1.1: 1) Failed to resolve 'SRR16885466'...
2025-08-03T09:58:09 prefetch.3.1.1: 1) Resolving 'SRR16885466'...
2025-08-03T09:58:11 prefetch.3.1.1: 1) Failed to resolve 'SRR16885466'...
2025-08-03T09:57:47 prefetch.3.1.1 int: connection failed while opening file within cryptographic module - cannot resolve remote location of 'SRR16885466'
SRR16885466 第 1/3 次下载失败，重试中…
2025-08-03T09:57:59 prefetch.3.1.1 int: connection failed while opening file within cryptographic module - cannot resolve remote location of 'SRR16885466'
SRR16885466 第 2/3 次下载失败，重试中…
2025-08-03T09:58:11 prefetch.3.1.1 int: connection failed while opening file within cryptographic module - cannot resolve remote location of 'SRR16885466'
SRR16885466 第 3/3 次下载失败，重试中…
SRR16885466 经过 3 次尝试仍失败，记录到 /mnt/d/迅雷下载//failed.list
开始下载 SRR16885462 ...
2025-08-03T09:57:45 prefetch.3.1.1: 1) Resolving 'SRR16885462'...
2025-08-03T09:57:47 prefetch.3.1.1: 1) Failed to resolve 'SRR16885462'...
2025-08-03T09:57:57 prefetch.3.1.1: 1) Resolving 'SRR16885462'...
2025-08-03T09:57:59 prefetch.3.1.1: 1) Failed to resolve 'SRR16885462'...
2025-08-03T09:58:09 prefetch.3.1.1: 1) Resolving 'SRR16885462'...
2025-08-03T09:58:13 prefetch.3.1.1: 1) Failed to resolve 'SRR16885462'...
2025-08-03T09:57:47 prefetch.3.1.1 int: connection failed while opening file within cryptographic module - cannot 开始下载 SRR16885469 ...
2025-08-03T09:58:10 prefetch.3.1.1: 1) Resolving 'SRR16885469'...
2025-08-03T09:58:14 prefetch.3.1.1: 1) Failed to resolve 'SRR16885469'...
2025-08-03T09:58:24 prefetch.3.1.1: 1) Resolving 'SRR16885469'...
2025-08-03T09:58:26 prefetch.3.1.1: 1) Failed to resolve 'SRR16885469'...
2025-08-03T09:58:36 prefetch.3.1.1: 1) Resolving 'SRR16885469'...
2025-08-03T09:58:38 prefetch.3.1.1: 1) Failed to resolve 'SRR16885469'...
2025-08-03T09:58:14 prefetch.3.1.1 int: connection failed while opening file within cryptographic module - cannot resolve remote location of 'SRR16885469'
SRR16885469 第 1/3 次下载失败，重试中…
2025-08-03T09:58:26 prefetch.3.1.1 int: connection failed while opening file within cryptographic module - cannot resolve remote location of 'SRR16885469'
SRR16885469 第 2/3 次下载失败，重试中…
2025-08-03T09:58:38 prefetch.3.1.1 int: connection failed while opening file within cryptographic module - cannot resolve remote location of 'SRR16885469'
SRR16885469 第 3/3 次下载失败，重试中…
SRR16885469 经过 3 次尝试仍失败，记录到 /mnt/d/迅雷下载//failed.list
开始下载 SRR16885470 ...
2025-08-03T09:58:18 prefetch.3.1.1: 1) Resolving 'SRR16885470'...
2025-08-03T09:58:20 prefetch.3.1.1: 1) Failed to resolve 'SRR16885470'...
2025-08-03T09:58:30 prefetch.3.1.1: 1) Resolving 'SRR16885470'...
2025-08-03T09:58:32 prefetch.3.1.1: 1) Failed to resolve 'SRR16885470'...
2025-08-03T09:58:42 prefetch.3.1.1: 1) Resolving 'SRR16885470'...
2025-08-03T09:58:46 prefetch.3.1.1: 1) Failed to resolve 'SRR16885470'...
2025-08-03T09:58:20 prefetch.3.1.1 int: connection failed while opening file within cryptographic module - cannot resolve remote location of 'SRR16885470'
SRR16885470 第 1/3 次下载失败，重试中…
2025-08-03T09:58:32 prefetch.3.1.1 int: connection failed while opening file within cryptographic module - cannot resolve remote location of 'SRR16885470'
SRR16885470 第 2/3 次下载失败，重试中…
2025-08-03T09:58:46 prefetch.3.1.1 int: connection failed while opening file within cryptographic module - cannot resolve remote location of 'SRR16885470'
SRR16885470 第 3/3 次下载失败，重试中…
SRR16885470 经过 3 次尝试仍失败，记录到 /mnt/d/迅雷下载//failed.list
开始下载 SRR16885471 ...
2025-08-03T09:58:21 prefetch.3.1.1: 1) Resolving 'SRR16885471'...
2025-08-03T09:58:23 prefetch.3.1.1: 1) Failed to resolve 'SRR16885471'...
2025-08-03T09:58:33 prefetch.3.1.1: 1) Resolving 'SRR16885471'...
2025-08-03T09:58:35 prefetch.3.1.1: 1) Failed to resolve 'SRR16885471'...
2025-08-03T09:58:47 prefetch.3.1.1: 1) Resolving 'SRR16885471'...
2025-08-03T09:58:49 prefetch.3.1.1: 1) Failed to resolve 'SRR16885471'...
2025-08-03T09:58:23 prefetch.3.1.1 int: connection failed while opening file within cryptographic module - cannot resolve remote location of开始下载 SRR16885467 ...
2025-08-03T09:58:22 prefetch.3.1.1: 1) Resolving 'SRR16885467'...
2025-08-03T09:58:24 prefetch.3.1.1: 1) Failed to resolve 'SRR16885467'...
2025-08-03T09:58:34 prefetch.3.1.1: 1) Resolving 'SRR16885467'...
2025-08-03T09:58:36 prefetch.3.1.1: 1) Failed to resolve 'SRR16885467'...
2025-08-03T09:58:47 prefetch.3.1.1: 1) Resolving 'SRR16885467'...
2025-08-03T09:58:49 prefetch.3.1.1: 1) Failed to resolve 'SRR16885467'...
2025-08-03T09:58:24 prefetch.3.1.1 int: connection failed while opening file within cryptographic module - cannot 开始下载 SRR17043543 ...
2025-08-03T09:48:38 prefetch.3.1.1: 1) Resolving 'SRR17043543'...
2025-08-03T09:48:42 prefetch.3.1.1: Current preference is set to retrieve SRA Normalized Format files with full base quality scores
2025-08-03T09:48:44 prefetch.3.1.1: 1) Downloading 'SRR17043543'...
2025-08-03T09:48:44 prefetch.3.1.1:  SRA Normalized Format file is being retrieved
2025-08-03T09:48:44 prefetch.3.1.1:  Downloading via HTTPS...
2025-08-03T09:58:49 prefetch.3.1.1:  HTTPS download failed
2025-08-03T09:58:59 prefetch.3.1.1: 1) Resolving 'SRR17043543'...
2025-08-03T09:59:01 prefetch.3.1.1: 1) Failed to resolve 'SRR17043543'...
2025-08-03T09:59:11 prefetch.3.1.1: 1) Resolving 'SRR17043543'...
2025-08-03T09:58:49 prefetch.3.1.1 int: path not found while opening directory within file system module - Cannot OpenFileWrite(/mnt/d/迅雷下载/SRR17043543/SRR17043543.sra.tmp)
2025-08-03T09:58:49 prefetch.3.1.1 int: path not found while opening directory within file system module - Cannot OpenFileWrite(/mnt/d/迅雷下载/SRR17043543/SRR17043543.sra.tmp)
2025-08-03T09:58:49 prefetch.3.1.1 int: path not found while opening directory within file system module - 1) failed to download 'SRR17043543'
SRR17043543 第 1/3 次下载失败，重试中…
2025-08-03T09:59:01 prefetch.3.1.1 int: connection failed while opening file within cryptographic module - cannot resolve remote location of 'SRR17043543'
SRR17043543 第 2/3 次下载失败，重试中…
Terminated
SRR17043543 第 3/3 次下载失败，重试中…
SRR17043543 经过 3 次尝试仍失败，记录到 /mnt/d/迅雷下载//failed.list
开始下载 SRR16885473 ...
2025-08-03T09:58:49 prefetch.3.1.1: 1) Resolving 'SRR16885473'...
2025-08-03T09:58:51 prefetch.3.1.1: 1) Failed to resolve 'SRR16885473'...
2025-08-03T09:59:01 prefetch.3.1.1: 1) Resolving 'SRR16885473'...
2025-08-03T09:59:03 prefetch.3.1.1: 1) Failed to resolve 'SRR16885473'...
2025-08-03T09:58:51 prefetch.3.1.1 int: connection failed while opening file within cryptographic module - cannot resolve remote location of 'SRR16885473'
SRR16885473 第 1/3 次下载失败，重试中…
2025-08-03T09:59:03 prefetch.3.1.1 int: connection failed while opening file within cryptographic module - cannot resolve remote location of 'SRR16885473'
SRR16885473 第 2/3 次下载失败，重试中…
Terminated
SRR16885473 第 3/3 次下载失败，重试中…
SRR16885473 经过 3 次尝试仍失败，记录到 /mnt/d/迅雷下载//failed.list
开始下载 SRR16885475 ...
2025-08-03T09:58:56 prefetch.3.1.1: 1) Resolving 'SRR16885475'...
2025-08-03T09:58:58 prefetch.3.1.1: 1) Failed to resolve 'SRR16885475'...
2025-08-03T09:59:08 prefetch.3.1.1: 1) Resolving 'SRR16885475'...
2025-08-03T09:59:10 prefetch.3.1.1: 1) Failed to resolve 'SRR16885475'...
2025-08-03T09:59:21 prefetch.3.1.1: 1) Resolving 'SRR16885475'...
2025-08-03T09:59:23 prefetch.3.1.1: 1) Failed to resolve 'SRR16885475'...
2025-08-03T09:58:58 prefetch.3.1.1 int: connection failed while opening file within cryptographic module - cannot resolve remote location of 'SRR16885475'
SRR16885475 第 1/3 次下载失败，重试中…
2025-08-03T09:59:10 prefetch.3.1.1 int: connection failed while opening file within cryptographic module - cannot resolve remote location of 'SRR16885475'
SRR16885475 第 2/3 次下载失败，重试中…
2025-08-03T09:59:23 prefetch.3.1.1 int: connection failed while opening file within cryptographic module - cannot resolve remote location of 'SRR16885475'
SRR16885475 第 3/3 次下载失败，重试中…
SRR16885475 经过 3 次尝试仍失败，记录到 /mnt/d/迅雷下载//failed.list
开始下载 SRR16885476 ...
2025-08-03T09:58:59 prefetch.3.1.1: 1) Resolving 'SRR16885476'...
2025-08-03T09:59:01 prefetch.3.1.1: 1) Failed to resolve 'SRR16885476'...
2025-08-03T09:59:11 pref开始下载 SRR16885471 ...
2025-08-03T09:58:59 prefetch.3.1.1: 1) Resolving 'SRR16885471'...
2025-08-03T09:59:02 prefetch.3.1.1: 1) Failed to resolve 'SRR16885471'...
2025-08-03T09:59:12 prefetch.3.1.1: 1) Resolving 'SRR16885471'...
2025-08-03T09:59:24 prefetch.3.1.1: 1) Resolving 'SRR16885471'...
2025-08-03T09:59:26 prefetch.3.1.1: 1) Failed to resolve 'SRR16885471'...
2025-08-03T09:59:02 prefetch.3.1.1 int: connection failed while opening file within cryptographic module - cannot resolve remote location of 'SRR16885471'
SRR16885471 第 1/3 次下载失败，重试中…
Terminated
SRR16885471 第 2/3 次下载失败，重试中…
2025-08-03T09:59:26 prefetch.3.1.1 int: connection failed while opening file within cryptographic 开始下载 SRR16885472 ...
2025-08-03T09:59:24 prefetch.3.1.1: 1) Resolving 'SRR16885472'...
2025-08-03T09:59:26 prefetch.3.1.1: 1) Failed to resolve 'SRR16885472'...
2025-08-03T09:59:36 prefetch.3.1.1: 1) Resolving 'SRR16885472'...
2025-08-03T09:59:38 prefetch.3.1.1: 1) Failed to resolve 'SRR16885472'...
2025-08-03T09:59:48 prefetch.3.1.1: 1) Resolving 'SRR16885472'...
2025-08-03T09:59:50 prefetch.3.1.1: 1) Failed to resolve 'SRR16885472'...
2025-08-03T09:59:26 prefetch.3.1.1 int: connection failed while opening file within cryptographic module - cannot resolve remote location of 'SRR16885472'
SRR16885472 第 1/3 次下载失败，重试中…
2025-08-03T09:59:38 prefetch.3.1.1 int: connection failed while opening file within cryptographic module - cannot resolve remote location of 'SRR16885472'
SRR16885472 第 2/3 次下载失败，重试中…
2025-08-03T09:59:50 prefetch.3.1.1 int: connection failed while opening file within cryptographic module - cannot resolve remote location of 'SRR16885472'
SRR16885472 第 3/3 次下载失败，重试中…
SRR16885472 经过 3 次尝试仍失败，记录到 /mnt/d/迅雷下载//failed.list
开始下载 SRR16885477 ...
2025-08-03T09:59:25 prefetch.3.1.1: 1) Resolving 'SRR16885477'...
2025-08-03T09:59:27 prefetch.3.1.1: 1) Failed to resolve 'SRR16885477'...
2025-08-03T09:59:37 prefetch.3.1.1: 1) Resolving 'SRR16885477'...
2025-08-03T09:59:39 prefetch.3.1.1: 1) Failed to resolve 'SRR16885477'...
2025-08-03T09:59:49 prefetch.3.1.1: 1) Resolving 'SRR16885477'...
2025-08-03T09:59:51 prefetch.3.1.1: 1) Failed to resolve 'SRR16885477'...
2025-08-03T09:59:27 prefetch.3.1.1 int: connection failed while opening file within cryptographic module - cannot resolve remote location of 'SRR16885477'
SRR16885477 第 1/3 次下载失败，重试中…
2025-08-03T09:59:39 prefetch.3.1.1 int: connection failed while opening file within cryptographic module - cannot resolve remote location of 'SRR16885477'
SRR16885477 第 2/3 次下载失败，重试中…
2025-08-03T09:59:51 prefetch.3.1.1 int: connection failed while opening file within cryptographic module - cannot resolve remote location of 'SRR16885477'
SRR16885477 第 3/3 次下载失败，重试中…
SRR16885477 经过 3 次尝试仍失败，记录到 /mnt/d/迅雷下载//failed.list
开始下载 SRR16885478 ...
2025-08-03T09:59:33 prefetch.3.1.1: 1) Resolving 'SRR16885478'...
2025-08-03T09:59:35 prefetch.3.1.1: 1) Failed to resolve 'SRR16885478'...
2025-08-03T09:59:45 prefetch.3.1.1: 1) Resolving 'SRR16885478'...
2025-08-03T09:59:47 prefetch.3.1.1: 1) Failed to resolve 'SRR16885478'...
2025-08-03T09:59:59 prefetch.3.1.1: 1) Resolving 'SRR16885478'...
2025-08-03T10:00:01 prefetch.3.1.1: 1) Failed to resolve 'SRR16885478'...
2025-08-03T09:59:35 prefetch.3.1.1 int: connection failed while opening file within cryptographic module - cannot resolve remote location of 'SRR16885478'
SRR16885478 第 1/3 次下载失败，重试中…
2025-08-03T09:59:47 prefetch.3.1.1 int: connection failed while opening file within cryptographic module - cannot resolve remote location of 'SRR16885478'
SRR16885478 第 2/3 次下载失败，重试中…
2025-08-03T10:00:01 prefetch.3.1.1 int: connection failed while opening file within cryptographic module - cannot resolve remote location of 'SRR16885478'
SRR16885478 第 3/3 次下载失败，重试中…
SRR16885478 经过 3 次尝试仍失败，记录到 /mnt/d/开始下载 SRR16885472 ...
2025-08-03T09:59:36 prefetch.3.1.1: 1) Resolving 'SRR16885472'...
2025-08-03T09:59:38 prefetch.3.1.1: 1) Failed to resolve 'SRR16885472'...
2025-08-03T09:59:48 prefetch.3.1.1: 1) Resolving 'SRR16885472'...
2025-08-03T09:59:50 prefetch.3.1.1: 1) Failed to resolve 'SRR16885472'...
2025-08-03T10:00:01 prefetch.3.1.1: 1) Resolving 'SRR16885472'...
2025-08-03T10:00:03 prefetch.3.1.1: 1) Failed to resolve 'SRR16885472'...
2025-08-03T09:59:38 prefetch.3.1.1 int: connection failed while opening file within cryptographic module - cannot resolve remote location of 'SRR16885472'
SRR16885472 第 1/3 次下载失败，重试中…
2025-08-03T09:59:50 prefetch.3.1.1 int: connection failed while opening file within cryptographic module - cannot resolve remote location of 'SRR16885472'
SRR16885472 第 2/3 次下载失败，重试中…
2025-08-03T10:00:03 prefetch.3.1.1 int: connection failed while opening file within cryptographic module - cannot resolve remote location of 'SRR16885472'
SRR16885472 第 3/3 次下载失败，重试中…
SRR16885472 经过 3 次尝试仍失败，记录到 /mnt/d/迅雷下载//failed.list
开始下载 SRR16885477 开始下载 SRR16885480 ...
2025-08-03T10:00:01 prefetch.3.1.1: 1) Resolving 'SRR16885480'...
2025-08-03T10:00:03 prefetch.3.1.1: 1) Failed to resolve 'SRR16885480'...
2025-08-03T10:00:13 prefetch.3.1.1: 1) Resolving 'SRR16885480'...
2025-08-03T10:00:15 prefetch.3.1.1: 1) Failed to resolve 'SRR16885480'...
2025-08-03T10:00:27 prefetch.3.1.1: 1) Resolving 'SRR16885480'...
2025-08-03T10:00:29 prefetch.3.1.1: 1) Failed to resolve 'SRR16885480'...
2025-08-03T10:00:03 prefetch.3.1.1 int: connection failed while opening file within cryptographic module - cannot resolve remote location of 'SRR16885480'
SRR16885480 第 1/3 次下载失败，重试中…
2025-08-03T10:00:15 prefetch.3.1.1 int: connection failed while opening file within cryptographic module - cannot resolve remote location of 'SRR16885480'
SRR16885480 第 2/3 次下载失败，重试中…
2025-08-03T10:00:29 prefetch.3.1.1 int: connection failed while opening file within cryptographic module - cannot resolve remote location of 'SRR16885480'
SRR16885480 第 3/3 次下载失败，重试中…
SRR16885480 经过 3 次尝试仍失败，记录到 /mnt/d/迅雷下载//failed.list
开始下载 SRR16885481 ...
2025-08-03T10:00:02 prefetch.3.1.1: 1) Resolving 'SRR16885481'...
2025-08-03T10:00:04 prefetch.3.1.1: 1) Failed to resolve 'SRR16885481'...
2025-08-03T10:00:14 prefetch.3.1.1: 1) Resolving 'SRR16885481'...
2025-08-03T10:00:16 prefetch.3.1.1: 1) Failed to resolve 'SRR16885481'...
2025-08-03T10:00:28 prefetch.3.1.1: 1) Resolving 'SRR16885481'...
2025-08-03T10:00:30 prefetch.3.1.1: 1) Failed to resolve 'SRR16885481'...
2025-08-03T10:00:04 prefetch.3.1.1 int: connection failed while opening file within cryptographic module - cannot resolve remote location of 'SRR16885481'
SRR16885481 第 1/3 次下载失败，重试中…
2025-08-03T10:00:16 prefetch.3.1.1 int: connection failed while opening file within cryptographic module - cannot resolve remote location of 'SRR16885481'
SRR16885481 第 2/3 次下载失败，重试中…
2025-08-03T10:00:30 prefetch.3.1.1 int: connection failed while opening file within cryptographic module - cannot resolve remote location of 'SRR16885481'
SRR16885481 第 3/3 次下载失败，重试中…
SRR16885481 经过 3 次尝试仍失败，记录到 /mnt/d/迅雷下载//failed.list
开始下载 SRR16885482 ...
2025-08-03T10:00:11 prefetch.3.1.1: 1) Resolving 'SRR16885482'...
2025-08-03T10:00:13 prefetch.3.1.1: 1) Failed to resolve 'SRR16885482'...
2025-08-03T10:00:23 prefetch.3.1.1: 1) Resolving 'SRR16885482'...
2025-08-03T10:00:26 prefetch.3.1.1: 1) Failed to resolve 'SRR16885482'...
2025-08-03T10:00:36 prefetch.3.1.1: 1) Resolving 'SRR16885482'...
2025-08-03T10:00:38 prefetch.3.1.1: 1) Failed to resolve 'SRR16885482'...
2025-08-03T10:00:13 prefetch.3.1.1 int: connection failed while opening file within cryptographic module - cannot resolve remote location of 'SRR16885482'
SRR16885482 第 1/3 次下载失败，重试中…
2025-08-03T10:00:26 prefetch.3.1.1 int: connection failed while opening file within cryptographic module - cannot resolve remote location of 'SRR16885482'
SRR16885482 第 2/3 次下载失败，重试中…
2025-08-03T10:00:38 prefetch.3.1.1 int: connection failed while opening file within cryptographic module - cannot resolve remote location of 'SRR16885482'
SRR16885482 第 3/3 次下载失败，重试中…
SRR16885482 经过 3 次尝试仍失败，记录到 /mnt/d/开始下载 SRR16885480 ...
2025-08-03T10:00:13 prefetch.3.1.1: 1) Resolving 'SRR16885480'...
2025-08-03T10:00:16 prefetch.3.1.1: 1) Failed to resolve 'SRR16885480'...
2025-08-03T10:00:27 prefetch.3.1.1: 1) Resolving 'SRR16885480'...
2025-08-03T10:00:29 prefetch.3.1.1: 1) Failed to resolve 'SRR16885480'...
2025-08-03T10:00:39 prefetch.3.1.1: 1) Resolving 'SRR16885480'...
2025-08-03T10:00:41 prefetch.3.1.1: 1) Failed to resolve 'SRR16885480'...
2025-08-03T10:00:16 prefetch.3.1.1 int: connection failed while opening file within cryptographic module - cannot resolve remote location of 'SRR16885480'
SRR16885480 第 1/3 次下载失败，重试中…
2025-08-03T10:00:29 prefetch.3.1.1 int: connection failed while opening file within cryptographic module - cannot resolve remote location of 'SRR16885480'
SRR16885480 第 2/3 次下载失败，重试中…
2025-08-03T10:00:41 prefetch.3.1.1 int: connection failed while opening file within cryptographic module - cannot resolve remote location of 'SRR16885480'
SRR16885480 第 3/3 次下载失败，重试中…
SRR16885480 经过 3 次尝试仍失败，记录到 /mnt/d/迅雷下载//failed.list
开始下载 SRR16885481 开始下载 SRR16885484 ...
2025-08-03T10:00:39 prefetch.3.1.1: 1) Resolving 'SRR16885484'...
2025-08-03T10:00:41 prefetch.3.1.1: 1) Failed to resolve 'SRR16885484'...
2025-08-03T10:00:51 prefetch.3.1.1: 1) Resolving 'SRR16885484'...
2025-08-03T10:00:53 prefetch.3.1.1: 1) Failed to resolve 'SRR16885484'...
2025-08-03T10:01:04 prefetch.3.1.1: 1) Resolving 'SRR16885484'...
2025-08-03T10:01:06 prefetch.3.1.1: 1) Failed to resolve 'SRR16885484'...
2025-08-03T10:00:41 prefetch.3.1.1 int: connection failed while opening file within cryptographic module - cannot resolve remote location of 'SRR16885484'
SRR16885484 第 1/3 次下载失败，重试中…
2025-08-03T10:00:53 prefetch.3.1.1 int: connection failed while opening file within cryptographic module - cannot resolve remote location of 'SRR16885484'
SRR16885484 第 2/3 次下载失败，重试中…
2025-08-03T10:01:06 prefetch.3.1.1 int: connection failed while opening file within cryptographic module - cannot resolve remote location of 'SRR16885484'
SRR16885484 第 3/3 次下载失败，重试中…
SRR16885484 经过 3 次尝试仍失败，记录到 /mnt/d/迅雷下载//failed.list
开始下载 SRR16885485 ...
2025-08-03T10:00:40 prefetch.3.1.1: 1) Resolving 'SRR16885485'...
2025-08-03T10:00:42 prefetch.3.1.1: 1) Failed to resolve 'SRR16885485'...
2025-08-03T10:00:52 prefetch.3.1.1: 1) Resolving 'SRR16885485'...
2025-08-03T10:00:54 prefetch.3.1.1: 1) Failed to resolve 'SRR16885485'...
2025-08-03T10:01:05 prefetch.3.1.1: 1) Resolving 'SRR16885485'...
2025-08-03T10:01:07 prefetch.3.1.1: 1) Failed to resolve 'SRR16885485'...
2025-08-03T10:00:42 prefetch.3.1.1 int: connection failed while opening file within cryptographic module - cannot resolve remote location of 'SRR16885485'
SRR16885485 第 1/3 次下载失败，重试中…
2025-08-03T10:00:54 prefetch.3.1.1 int: connection failed while opening file within cryptographic module - cannot resolve remote location of 'SRR16885485'
SRR16885485 第 2/3 次下载失败，重试中…
2025-08-03T10:01:07 prefetch.3.1.1 int: connection failed while opening file within cryptographic module - cannot resolve remote location of 'SRR16885485'
SRR16885485 第 3/3 次下载失败，重试中…
SRR16885485 经过 3 次尝试仍失败，记录到 /mnt/d/迅雷下载//failed.list
开始下载 SRR16885486 ...
2025-08-03T10:00:48 prefetch.3.1.1: 1) Resolving 'SRR16885486'...
2025-08-03T10:00:51 prefetch.3.1.1: 1) Failed to resolve 'SRR16885486'...
2025-08-03T10:01:02 prefetch.3.1.1: 1) Resolving 'SRR16885486'...
2025-08-03T10:01:04 prefetch.3.1.1: 1) Failed to resolve 'SRR16885486'...
2025-08-03T10:01:14 prefetch.3.1.1: 1) Resolving 'SRR16885486'...
2025-08-03T10:01:16 prefetch.3.1.1: 1) Failed to resolve 'SRR16885486'...
2025-08-03T10:00:51 prefetch.3.1.1 int: connection failed while opening file within cryptographic module - cannot resolve remote location of 'SRR16885486'
SRR16885486 第 1/3 次下载失败，重试中…
2025-08-03T10:01:04 prefetch.3.1.1 int: connection failed while opening file within cryptographic module - cannot resolve remote location of 'SRR16885486'
SRR16885486 第 2/3 次下载失败，重试中…
2025-08-03T10:01:16 prefetch.3.1.1 int: connection failed while opening file within cryptographic module - cannot resolve remote location of 'SRR16885486'
SRR16885486 第 3/3 次下载失败，重试中…
SRR16885486 经过 3 次尝试仍失败，记录到 /mnt/d/开始下载 SRR16885484 ...
2025-08-03T10:00:51 prefetch.3.1.1: 1) Resolving 'SRR16885484'...
2025-08-03T10:00:53 prefetch.3.1.1: 1) Failed to resolve 'SRR16885484'...
2025-08-03T10:01:04 prefetch.3.1.1: 1) Resolving 'SRR16885484'...
2025-08-03T10:01:06 prefetch.3.1.1: 1) Failed to resolve 'SRR16885484'...
2025-08-03T10:01:16 prefetch.3.1.1: 1) Resolving 'SRR16885484'...
2025-08-03T10:01:19 prefetch.3.1.1: 1) Failed to resolve 'SRR16885484'...
2025-08-03T10:00:53 prefetch.3.1.1 int: connection failed while opening file within cryptographic module - cannot resolve remote location of 'SRR16885484'
SRR16885484 第 1/3 次下载失败，重试中…
2025-08-03T10:01:06 prefetch.3.1.1 int: connection failed while opening file within cryptographic module - cannot resolve remote location of 'SRR16885484'
SRR16885484 第 2/3 次下载失败，重试中…
2025-08-03T10:01:19 prefetch.3.1.1 int: connection failed while opening file within cryptographic module - cannot resolve remote location of 'SRR16885484'
SRR16885484 第 3/3 次下载失败，重试中…
SRR16885484 经过 3 次尝试仍失败，记录到 /mnt/d/迅雷下载//failed.list
开始下载 SRR16885485 开始下载 SRR16885489 ...
2025-08-03T10:01:16 prefetch.3.1.1: 1) Resolving 'SRR16885489'...
2025-08-03T10:01:18 prefetch.3.1.1: 1) Failed to resolve 'SRR16885489'...
2025-08-03T10:01:29 prefetch.3.1.1: 1) Resolving 'SRR16885489'...
2025-08-03T10:01:31 prefetch.3.1.1: 1) Failed to resolve 'SRR16885489'...
2025-08-03T10:01:42 prefetch.3.1.1: 1) Resolving 'SRR16885489'...
2025-08-03T10:01:44 prefetch.3.1.1: 1) Failed to resolve 'SRR16885489'...
2025-08-03T10:01:18 prefetch.3.1.1 int: connection failed while opening file within cryptographic module - cannot resolve remote location of 'SRR16885489'
SRR16885489 第 1/3 次下载失败，重试中…
2025-08-03T10:01:31 prefetch.3.1.1 int: connection failed while opening file within cryptographic module - cannot resolve remote location of 'SRR16885489'
SRR16885489 第 2/3 次下载失败，重试中…
2025-08-03T10:01:44 prefetch.3.1.1 int: connection failed while opening file within cryptographic module - cannot resolve remote location of 'SRR16885489'
SRR16885489 第 3/3 次下载失败，重试中…
SRR16885489 经过 3 次尝试仍失败，记录到 /mnt/d/迅雷下载//failed.list
开始下载 SRR16885490 ...
2025-08-03T10:01:17 prefetch.3.1.1: 1) Resolving 'SRR16885490'...
2025-08-03T10:01:20 prefetch.3.1.1: 1) Failed to resolve 'SRR16885490'...
2025-08-03T10:01:30 prefetch.3.1.1: 1) Resolving 'SRR16885490'...
2025-08-03T10:01:33 prefetch.3.1.1: 1) Failed to resolve 'SRR16885490'...
2025-08-03T10:01:43 prefetch.3.1.1: 1) Resolving 'SRR16885490'...
2025-08-03T10:01:45 prefetch.3.1.1: 1) Failed to resolve 'SRR16885490'...
2025-08-03T10:01:20 prefetch.3.1.1 int: connection failed while opening file within cryptographic module - cannot resolve remote location of 'SRR16885490'
SRR16885490 第 1/3 次下载失败，重试中…
2025-08-03T10:01:33 prefetch.3.1.1 int: connection failed while opening file within cryptographic module - cannot resolve remote location of 'SRR16885490'
SRR16885490 第 2/3 次下载失败，重试中…
2025-08-03T10:01:45 prefetch.3.1.1 int: connection failed while opening file within cryptographic module - cannot resolve remote location of 'SRR16885490'
SRR16885490 第 3/3 次下载失败，重试中…
SRR16885490 经过 3 次尝试仍失败，记录到 /mnt/d/迅雷下载//failed.list
开始下载 SRR16885491 ...
2025-08-03T10:01:26 prefetch.3.1.1: 1) Resolving 'SRR16885491'...
2025-08-03T10:01:28 prefetch.3.1.1: 1) Failed to resolve 'SRR16885491'...
2025-08-03T10:01:40 prefetch.3.1.1: 1) Resolving 'SRR16885491'...
2025-08-03T10:01:42 prefetch.3.1.1: 1) Failed to resolve 'SRR16885491'...
2025-08-03T10:01:52 prefetch.3.1.1: 1) Resolving 'SRR16885491'...
2025-08-03T10:01:54 prefetch.3.1.1: 1) Failed to resolve 'SRR16885491'...
2025-08-03T10:01:28 prefetch.3.1.1 int: connection failed while opening file within cryptographic module - cannot resolve remote location of 'SRR16885491'
SRR16885491 第 1/3 次下载失败，重试中…
2025-08-03T10:01:42 prefetch.3.1.1 int: connection failed while opening file within cryptographic module - cannot resolve remote location of 'SRR16885491'
SRR16885491 第 2/3 次下载失败，重试中…
2025-08-03T10:01:54 prefetch.3.1.1 int: connection failed while opening file within cryptographic module - cannot resolve remote location of 'SRR16885491'
SRR16885491 第 3/3 次下载失败，重试中…
SRR16885491 经过 3 次尝试仍失败，记录到 /mnt/d/开始下载 SRR16885489 ...
2025-08-03T10:01:29 prefetch.3.1.1: 1) Resolving 'SRR16885489'...
2025-08-03T10:01:31 prefetch.3.1.1: 1) Failed to resolve 'SRR16885489'...
2025-08-03T10:01:42 prefetch.3.1.1: 1) Resolving 'SRR16885489'...
2025-08-03T10:01:45 prefetch.3.1.1: 1) Failed to resolve 'SRR16885489'...
2025-08-03T10:01:55 prefetch.3.1.1: 1) Resolving 'SRR16885489'...
2025-08-03T10:01:57 prefetch.3.1.1: 1) Failed to resolve 'SRR16885489'...
2025-08-03T10:01:31 prefetch.3.1.1 int: connection failed while opening file within cryptographic module - cannot resolve remote location of 'SRR16885489'
SRR16885489 第 1/3 次下载失败，重试中…
2025-08-03T10:01:45 prefetch.3.1.1 int: connection failed while opening file within cryptographic module - cannot resolve remote location of 'SRR16885489'
SRR16885489 第 2/3 次下载失败，重试中…
2025-08-03T10:01:57 prefetch.3.1.1 int: connection failed while opening file within cryptographic module - cannot resolve remote location of 'SRR16885489'
SRR16885489 第 3/3 次下载失败，重试中…
SRR16885489 经过 3 次尝试仍失败，记录到 /mnt/d/迅雷下载//failed.list
开始下载 SRR16885490 开始下载 SRR16885488 ...
2025-08-03T10:01:54 prefetch.3.1.1: 1) Resolving 'SRR16885488'...
2025-08-03T10:01:56 prefetch.3.1.1: 1) Failed to resolve 'SRR16885488'...
2025-08-03T10:02:07 prefetch.3.1.1: 1) Resolving 'SRR16885488'...
2025-08-03T10:02:10 prefetch.3.1.1: 1) Failed to resolve 'SRR16885488'...
2025-08-03T10:02:20 prefetch.3.1.1: 1) Resolving 'SRR16885488'...
2025-08-03T10:02:22 prefetch.3.1.1: 1) Failed to resolve 'SRR16885488'...
2025-08-03T10:01:56 prefetch.3.1.1 int: connection failed while opening file within cryptographic module - cannot resolve remote location of 'SRR16885488'
SRR16885488 第 1/3 次下载失败，重试中…
2025-08-03T10:02:10 prefetch.3.1.1 int: connection failed while opening file within cryptographic module - cannot resolve remote location of 'SRR16885488'
SRR16885488 第 2/3 次下载失败，重试中…
2025-08-03T10:02:22 prefetch.3.1.1 int: connection failed while opening file within cryptographic module - cannot resolve remote location of 'SRR16885488'
SRR16885488 第 3/3 次下载失败，重试中…
SRR16885488 经过 3 次尝试仍失败，记录到 /mnt/d/迅雷下载//failed.list
开始下载 SRR16885493 ...
2025-08-03T10:01:56 prefetch.3.1.1: 1) Resolving 'SRR16885493'...
2025-08-03T10:01:58 prefetch.3.1.1: 1) Failed to resolve 'SRR16885493'...
2025-08-03T10:02:09 prefetch.3.1.1: 1) Resolving 'SRR16885493'...
2025-08-03T10:02:11 prefetch.3.1.1: 1) Failed to resolve 'SRR16885493'...
2025-08-03T10:02:22 prefetch.3.1.1: 1) Resolving 'SRR16885493'...
2025-08-03T10:02:24 prefetch.3.1.1: 1) Failed to resolve 'SRR16885493'...
2025-08-03T10:01:58 prefetch.3.1.1 int: connection failed while opening file within cryptographic module - cannot resolve remote location of 'SRR16885493'
SRR16885493 第 1/3 次下载失败，重试中…
2025-08-03T10:02:11 prefetch.3.1.1 int: connection failed while opening file within cryptographic module - cannot resolve remote location of 'SRR16885493'
SRR16885493 第 2/3 次下载失败，重试中…
2025-08-03T10:02:24 prefetch.3.1.1 int: connection failed while opening file within cryptographic module - cannot resolve remote location of 'SRR16885493'
SRR16885493 第 3/3 次下载失败，重试中…
SRR16885493 经过 3 次尝试仍失败，记录到 /mnt/d/迅雷下载//failed.list
开始下载 SRR16885494 ...
2025-08-03T10:02:04 prefetch.3.1.1: 1) Resolving 'SRR16885494'...
2025-08-03T10:02:08 prefetch.3.1.1: 1) Failed to resolve 'SRR16885494'...
2025-08-03T10:02:18 prefetch.3.1.1: 1) Resolving 'SRR16885494'...
2025-08-03T10:02:20 prefetch.3.1.1: 1) Failed to resolve 'SRR16885494'...
2025-08-03T10:02:30 prefetch.3.1.1: 1) Resolving 'SRR16885494'...
2025-08-03T10:02:32 prefetch.3.1.1: 1) Failed to resolve 'SRR16885494'...
2025-08-03T10:02:08 prefetch.3.1.1 int: connection failed while opening file within cryptographic module - cannot resolve remote location of 'SRR16885494'
SRR16885494 第 1/3 次下载失败，重试中…
2025-08-03T10:02:20 prefetch.3.1.1 int: connection failed while opening file within cryptographic module - cannot resolve remote location of 'SRR16885494'
SRR16885494 第 2/3 次下载失败，重试中…
2025-08-03T10:02:32 prefetch.3.1.1 int: connection failed while opening file within cryptographic module - cannot resolve remote location of 'SRR16885494'
SRR16885494 第 3/3 次下载失败，重试中…
SRR16885494 经过 3 次尝试仍失败，记录到 /mnt/d/开始下载 SRR16885488 ...
2025-08-03T10:02:08 prefetch.3.1.1: 1) Resolving 'SRR16885488'...
2025-08-03T10:02:11 prefetch.3.1.1: 1) Failed to resolve 'SRR16885488'...
2025-08-03T10:02:21 prefetch.3.1.1: 1) Resolving 'SRR16885488'...
2025-08-03T10:02:23 prefetch.3.1.1: 1) Failed to resolve 'SRR16885488'...
2025-08-03T10:02:33 prefetch.3.1.1: 1) Resolving 'SRR16885488'...
2025-08-03T10:02:35 prefetch.3.1.1: 1) Failed to resolve 'SRR16885488'...
2025-08-03T10:02:11 prefetch.3.1.1 int: connection failed while opening file within cryptographic module - cannot resolve remote location of 'SRR16885488'
SRR16885488 第 1/3 次下载失败，重试中…
2025-08-03T10:02:23 prefetch.3.1.1 int: connection failed while opening file within cryptographic module - cannot resolve remote location of 'SRR16885488'
SRR16885488 第 2/3 次下载失败，重试中…
2025-08-03T10:02:35 prefetch.3.1.1 int: connection failed while opening file within cryptographic module - cannot resolve remote location of 'SRR16885488'
SRR16885488 第 3/3 次下载失败，重试中…
SRR16885488 经过 3 次尝试仍失败，记录到 /mnt/d/迅雷下载//failed.list
开始下载 SRR16885493 开始下载 SRR16885496 ...
2025-08-03T10:02:32 prefetch.3.1.1: 1) Resolving 'SRR16885496'...
2025-08-03T10:02:34 prefetch.3.1.1: 1) Failed to resolve 'SRR16885496'...
2025-08-03T10:02:46 prefetch.3.1.1: 1) Resolving 'SRR16885496'...
2025-08-03T10:02:48 prefetch.3.1.1: 1) Failed to resolve 'SRR16885496'...
2025-08-03T10:02:58 prefetch.3.1.1: 1) Resolving 'SRR16885496'...
2025-08-03T10:03:00 prefetch.3.1.1: 1) Failed to resolve 'SRR16885496'...
2025-08-03T10:02:34 prefetch.3.1.1 int: connection failed while opening file within cryptographic module - cannot resolve remote location of 'SRR16885496'
SRR16885496 第 1/3 次下载失败，重试中…
2025-08-03T10:02:48 prefetch.3.1.1 int: connection failed while opening file within cryptographic module - cannot resolve remote location of 'SRR16885496'
SRR16885496 第 2/3 次下载失败，重试中…
2025-08-03T10:03:00 prefetch.3.1.1 int: connection failed while opening file within cryptographic module - cannot resolve remote location of 'SRR16885496'
SRR16885496 第 3/3 次下载失败，重试中…
SRR16885496 经过 3 次尝试仍失败，记录到 /mnt/d/迅雷下载//failed.list
开始下载 SRR16885497 ...
2025-08-03T10:02:34 prefetch.3.1.1: 1) Resolving 'SRR16885497'...
2025-08-03T10:02:36 prefetch.3.1.1: 1) Failed to resolve 'SRR16885497'...
2025-08-03T10:02:48 prefetch.3.1.1: 1) Resolving 'SRR16885497'...
2025-08-03T10:02:50 prefetch.3.1.1: 1) Failed to resolve 'SRR16885497'...
2025-08-03T10:03:00 prefetch.3.1.1: 1) Resolving 'SRR16885497'...
2025-08-03T10:03:02 prefetch.3.1.1: 1) Failed to resolve 'SRR16885497'...
2025-08-03T10:02:36 prefetch.3.1.1 int: connection failed while opening file within cryptographic module - cannot resolve remote location of 'SRR16885497'
SRR16885497 第 1/3 次下载失败，重试中…
2025-08-03T10:02:50 prefetch.3.1.1 int: connection failed while opening file within cryptographic module - cannot resolve remote location of 'SRR16885497'
SRR16885497 第 2/3 次下载失败，重试中…
2025-08-03T10:03:02 prefetch.3.1.1 int: connection failed while opening file within cryptographic module - cannot resolve remote location of 'SRR16885497'
SRR16885497 第 3/3 次下载失败，重试中…
SRR16885497 经过 3 次尝试仍失败，记录到 /mnt/d/迅雷下载//failed.list
开始下载 SRR16885501 ...
2025-08-03T10:02:44 prefetch.3.1.1: 1) Resolving 'SRR16885501'...
2025-08-03T10:02:46 prefetch.3.1.1: 1) Failed to resolve 'SRR16885501'...
2025-08-03T10:02:56 prefetch.3.1.1: 1) Resolving 'SRR16885501'...
2025-08-03T10:02:58 prefetch.3.1.1: 1) Failed to resolve 'SRR16885501'...
2025-08-03T10:03:08 prefetch.3.1.1: 1) Resolving 'SRR16885501'...
2025-08-03T10:03:10 prefetch.3.1.1: 1) Failed to resolve 'SRR16885501'...
2025-08-03T10:02:46 prefetch.3.1.1 int: connection failed while opening file within cryptographic module - cannot resolve remote location of 'SRR16885501'
SRR16885501 第 1/3 次下载失败，重试中…
2025-08-03T10:02:58 prefetch.3.1.1 int: connection failed while opening file within cryptographic module - cannot resolve remote location of 'SRR16885501'
SRR16885501 第 2/3 次下载失败，重试中…
2025-08-03T10:03:10 prefetch.3.1.1 int: connection failed while opening file within cryptographic module - cannot resolve remote location of 'SRR16885501'
SRR16885501 第 3/3 次下载失败，重试中…
SRR16885501 经过 3 次尝试仍失败，记录到 /mnt/d/开始下载 SRR16885496 ...
2025-08-03T10:02:47 prefetch.3.1.1: 1) Resolving 'SRR16885496'...
2025-08-03T10:02:49 prefetch.3.1.1: 1) Failed to resolve 'SRR16885496'...
2025-08-03T10:02:59 prefetch.3.1.1: 1) Resolving 'SRR16885496'...
2025-08-03T10:03:01 prefetch.3.1.1: 1) Failed to resolve 'SRR16885496'...
2025-08-03T10:03:11 prefetch.3.1.1: 1) Resolving 'SRR16885496'...
2025-08-03T10:03:14 prefetch.3.1.1: 1) Failed to resolve 'SRR16885496'...
2025-08-03T10:02:49 prefetch.3.1.1 int: connection failed while opening file within cryptographic module - cannot resolve remote location of 'SRR16885496'
SRR16885496 第 1/3 次下载失败，重试中…
2025-08-03T10:03:01 prefetch.3.1.1 int: connection failed while opening file within cryptographic module - cannot resolve remote location of 'SRR16885496'
SRR16885496 第 2/3 次下载失败，重试中…
2025-08-03T10:03:14 prefetch.3.1.1 int: connection failed while opening file within cryptographic module - cannot resolve remote location of 'SRR16885496'
SRR16885496 第 3/3 次下载失败，重试中…
SRR16885496 经过 3 次尝试仍失败，记录到 /mnt/d/迅雷下载//failed.list
开始下载 SRR16885497 开始下载 SRR16885474 ...
2025-08-03T10:03:10 prefetch.3.1.1: 1) Resolving 'SRR16885474'...
2025-08-03T10:03:12 prefetch.3.1.1: 1) Failed to resolve 'SRR16885474'...
2025-08-03T10:03:23 prefetch.3.1.1: 1) Resolving 'SRR16885474'...
2025-08-03T10:03:25 prefetch.3.1.1: 1) Failed to resolve 'SRR16885474'...
2025-08-03T10:03:35 prefetch.3.1.1: 1) Resolving 'SRR16885474'...
2025-08-03T10:03:37 prefetch.3.1.1: 1) Failed to resolve 'SRR16885474'...
2025-08-03T10:03:12 prefetch.3.1.1 int: connection failed while opening file within cryptographic module - cannot resolve remote location of 'SRR16885474'
SRR16885474 第 1/3 次下载失败，重试中…
2025-08-03T10:03:25 prefetch.3.1.1 int: connection failed while opening file within cryptographic module - cannot resolve remote location of 'SRR16885474'
SRR16885474 第 2/3 次下载失败，重试中…
2025-08-03T10:03:37 prefetch.3.1.1 int: connection failed while opening file within cryptographic module - cannot resolve remote location of 'SRR16885474'
SRR16885474 第 3/3 次下载失败，重试中…
SRR16885474 经过 3 次尝试仍失败，记录到 /mnt/d/迅雷下载//failed.list
开始下载 SRR16885499 ...
2025-08-03T10:03:12 prefetch.3.1.1: 1) Resolving 'SRR16885499'...
2025-08-03T10:03:15 prefetch.3.1.1: 1) Failed to resolve 'SRR16885499'...
2025-08-03T10:03:25 prefetch.3.1.1: 1) Resolving 'SRR16885499'...
2025-08-03T10:03:27 prefetch.3.1.1: 1) Failed to resolve 'SRR16885499'...
2025-08-03T10:03:37 prefetch.3.1.1: 1) Resolving 'SRR16885499'...
2025-08-03T10:03:39 prefetch.3.1.1: 1) Failed to resolve 'SRR16885499'...
2025-08-03T10:03:15 prefetch.3.1.1 int: connection failed while opening file within cryptographic module - cannot resolve remote location of 'SRR16885499'
SRR16885499 第 1/3 次下载失败，重试中…
2025-08-03T10:03:27 prefetch.3.1.1 int: connection failed while opening file within cryptographic module - cannot resolve remote location of 'SRR16885499'
SRR16885499 第 2/3 次下载失败，重试中…
2025-08-03T10:03:39 prefetch.3.1.1 int: connection failed while opening file within cryptographic module - cannot resolve remote location of 'SRR16885499'
SRR16885499 第 3/3 次下载失败，重试中…
SRR16885499 经过 3 次尝试仍失败，记录到 /mnt/d/迅雷下载//failed.list
开始下载 SRR16885500 ...
2025-08-03T10:03:21 prefetch.3.1.1: 1) Resolving 'SRR16885500'...
2025-08-03T10:03:23 prefetch.3.1.1: 1) Failed to resolve 'SRR16885500'...
2025-08-03T10:03:34 prefetch.3.1.1: 1) Resolving 'SRR16885500'...
2025-08-03T10:03:36 prefetch.3.1.1: 1) Failed to resolve 'SRR16885500'...
2025-08-03T10:03:46 prefetch.3.1.1: 1) Resolving 'SRR16885500'...
2025-08-03T10:03:49 prefetch.3.1.1: 1) Failed to resolve 'SRR16885500'...
2025-08-03T10:03:23 prefetch.3.1.1 int: connection failed while opening file within cryptographic module - cannot resolve remote location of 'SRR16885500'
SRR16885500 第 1/3 次下载失败，重试中…
2025-08-03T10:03:36 prefetch.3.1.1 int: connection failed while opening file within cryptographic module - cannot resolve remote location of 'SRR16885500'
SRR16885500 第 2/3 次下载失败，重试中…
2025-08-03T10:03:49 prefetch.3.1.1 int: connection failed while opening file within cryptographic module - cannot resolve remote location of 'SRR16885500'
SRR16885500 第 3/3 次下载失败，重试中…
SRR16885500 经过 3 次尝试仍失败，记录到 /mnt/d/开始下载 SRR16885474 ...
2025-08-03T10:03:24 prefetch.3.1.1: 1) Resolving 'SRR16885474'...
2025-08-03T10:03:26 prefetch.3.1.1: 1) Failed to resolve 'SRR16885474'...
2025-08-03T10:03:36 prefetch.3.1.1: 1) Resolving 'SRR16885474'...
2025-08-03T10:03:38 prefetch.3.1.1: 1) Failed to resolve 'SRR16885474'...
2025-08-03T10:03:50 prefetch.3.1.1: 1) Resolving 'SRR16885474'...
2025-08-03T10:03:52 prefetch.3.1.1: 1) Failed to resolve 'SRR16885474'...
2025-08-03T10:03:26 prefetch.3.1.1 int: connection failed while opening file within cryptographic module - cannot resolve remote location of 'SRR16885474'
SRR16885474 第 1/3 次下载失败，重试中…
2025-08-03T10:03:38 prefetch.3.1.1 int: connection failed while opening file within cryptographic module - cannot resolve remote location of 'SRR16885474'
SRR16885474 第 2/3 次下载失败，重试中…
2025-08-03T10:03:52 prefetch.3.1.1 int: connection failed while opening file within cryptographic module - cannot resolve remote location of 'SRR16885474'
SRR16885474 第 3/3 次下载失败，重试中…
SRR16885474 经过 3 次尝试仍失败，记录到 /mnt/d/迅雷下载//failed.list
开始下载 SRR16885499 ...
2025-08-03T10:03:25 prefetch.3.1.1: 1) Resolving 'SRR16885499'...
2025-08-03T10:03:27 prefetch.3.1.1: 1) Failed to resolve 'SRR16885499'...
2025-08-03T10:03:37 prefetch.3.1.1: 1) Resolving 'SRR16885499'...
2025-08-03T10:03:39 prefetch.3.1.1: 1) Failed to resolve 'SRR16885499'...
2025-08-03T10:03:50 prefetch.3.1.1: 1) Resolving 'SRR16885499'...
2025-08-03T10:03:52 prefetch.3.1.1: 1) Failed to resolve 'SRR16885499'...
2025-08-03T10:03:27 prefetch.3.1.1 int: connection failed while opening file within cryptographic module - cannot resolve remote location of 'SRR16885499'
SRR16885499 第 1/3 次下载失败，重试中…
2025-08-03T10:03:39 prefetch.3.1.1 int: connection failed while opening file within cryptographic module - cannot resolve remote location of 'SRR16885499'
SRR16885499 第 2/3 次下载失败，重试中…
2025-08-03T10:03:52 prefetch.3.1.1 int: connection failed while opening file within cryptographic module - cannot resolve remote location of 'SRR16885499'
SRR16885499 第 3/3 次下载失败，重试中…
SRR16885499 经过 3 次尝试仍失败，记录到 /mnt/d/迅雷下载//failed.list
开始下载 SRR16885500 ...
2025-08-03T10:03:34 prefetch.3.1.1: 1) Resolving 'SRR16885500'...
2025-08-03T10:03:36 prefetch.3.1.1: 1) Failed to resolve 'SRR16885500'...
2025-08-03T10:03:46 prefetch.3.1.1: 1) Resolving 'SRR16885500'...
2025-08-03T10:03:49 prefetch.3.1.1: 1) Failed to resolve 'SRR16885500'...
2025-08-03T10:03:59 prefetch.3.1.1: 1) Resolving 'SRR16885500'...
2025-08-03T10:04:01 prefetch.3.1.1: 1) Failed to resolve 'SRR16885500'...
2025-08-03T10:03:36 prefetch.3.1.1 int: connection failed while opening file within cryptographic module - cannot resolve remote location of 'SRR16885500'
SRR16885500 第 1/3 次下载失败，重试中…
2025-08-03T10:03:49 prefetch.3.1.1 int: connection failed while opening file within cryptographic module - cannot resolve remote location of 'SRR16885500'
SRR16885500 第 2/3 次下载失败，重试中…
2025-08-03T10:04:01 prefetch.3.1.1 int: connection failed while opening file within cryptographic module - cannot resolve remote location of 'SRR16885500'
SRR16885500 第 3/3 次下载失败，重试中…
SRR16885500 经过 3 次尝试仍失败，记录到 /mnt/d/迅雷下载//failed.list
