nohup: ignoring input
[2025-08-04 17:06:13] 开始依赖检查...
[2025-08-04 17:06:13] 依赖检查通过。
[2025-08-04 17:06:13] 总共读取到 841 个 accession。
[2025-08-04 17:06:13] [1/841] 处理 'ERR3354482' ...
[2025-08-04 17:06:13] 开始下载 accession 'ERR3354482'（尝试 1/3）
[2025-08-04 17:12:29] accession 'ERR3354482' 下载成功。
[2025-08-04 17:12:29] [2/841] 处理 'ERR3354483' ...
[2025-08-04 17:12:29] 开始下载 accession 'ERR3354483'（尝试 1/3）
[2025-08-04 17:13:59] accession 'ERR3354483' 下载成功。
[2025-08-04 17:13:59] [3/841] 处理 'ERR3354484' ...
[2025-08-04 17:13:59] 开始下载 accession 'ERR3354484'（尝试 1/3）
[2025-08-04 17:15:28] accession 'ERR3354484' 下载成功。
[2025-08-04 17:15:28] [4/841] 处理 'ERR3354485' ...
[2025-08-04 17:15:28] 开始下载 accession 'ERR3354485'（尝试 1/3）
[2025-08-04 17:17:59] accession 'ERR3354485' 下载成功。
[2025-08-04 17:17:59] [5/841] 处理 'ERR3354486' ...
[2025-08-04 17:17:59] 开始下载 accession 'ERR3354486'（尝试 1/3）
[2025-08-04 17:23:45] accession 'ERR3354486' 下载成功。
[2025-08-04 17:23:45] [6/841] 处理 'ERR3354487' ...
[2025-08-04 17:23:45] 开始下载 accession 'ERR3354487'（尝试 1/3）
[2025-08-04 17:26:44] accession 'ERR3354487' 下载成功。
[2025-08-04 17:26:44] [7/841] 处理 'ERR3354488' ...
[2025-08-04 17:26:44] 开始下载 accession 'ERR3354488'（尝试 1/3）
[2025-08-04 17:28:09] accession 'ERR3354488' 下载成功。
[2025-08-04 17:28:09] [8/841] 处理 'ERR3354489' ...
[2025-08-04 17:28:09] 开始下载 accession 'ERR3354489'（尝试 1/3）
[2025-08-04 17:30:45] accession 'ERR3354489' 下载成功。
[2025-08-04 17:30:46] [9/841] 处理 'ERR3354490' ...
[2025-08-04 17:30:46] 开始下载 accession 'ERR3354490'（尝试 1/3）
[2025-08-04 17:33:39] accession 'ERR3354490' 下载成功。
[2025-08-04 17:33:39] [10/841] 处理 'ERR3354491' ...
[2025-08-04 17:33:39] 开始下载 accession 'ERR3354491'（尝试 1/3）
[2025-08-04 17:35:19] accession 'ERR3354491' 下载成功。
[2025-08-04 17:35:19] [11/841] 处理 'ERR3354492' ...
[2025-08-04 17:35:19] 开始下载 accession 'ERR3354492'（尝试 1/3）
[2025-08-04 17:38:03] accession 'ERR3354492' 下载成功。
[2025-08-04 17:38:03] [12/841] 处理 'ERR3354493' ...
[2025-08-04 17:38:03] 开始下载 accession 'ERR3354493'（尝试 1/3）
[2025-08-04 17:41:23] accession 'ERR3354493' 下载成功。
[2025-08-04 17:41:23] [13/841] 处理 'ERR3354494' ...
[2025-08-04 17:41:23] 开始下载 accession 'ERR3354494'（尝试 1/3）
[2025-08-04 17:42:20] accession 'ERR3354494' 下载成功。
[2025-08-04 17:42:20] [14/841] 处理 'ERR3354495' ...
[2025-08-04 17:42:20] 开始下载 accession 'ERR3354495'（尝试 1/3）
[2025-08-04 17:48:54] accession 'ERR3354495' 下载成功。
[2025-08-04 17:48:54] [15/841] 处理 'ERR3354496' ...
[2025-08-04 17:48:54] 开始下载 accession 'ERR3354496'（尝试 1/3）
[2025-08-04 17:50:37] accession 'ERR3354496' 下载成功。
[2025-08-04 17:50:37] [16/841] 处理 'ERR3354497' ...
[2025-08-04 17:50:37] 开始下载 accession 'ERR3354497'（尝试 1/3）
[2025-08-04 17:51:10] accession 'ERR3354497' 下载成功。
[2025-08-04 17:51:10] [17/841] 处理 'ERR3354498' ...
[2025-08-04 17:51:10] 开始下载 accession 'ERR3354498'（尝试 1/3）
[2025-08-04 17:53:34] accession 'ERR3354498' 下载成功。
[2025-08-04 17:53:34] [18/841] 处理 'ERR3354499' ...
[2025-08-04 17:53:34] 开始下载 accession 'ERR3354499'（尝试 1/3）
[2025-08-04 17:55:59] accession 'ERR3354499' 下载成功。
[2025-08-04 17:55:59] [19/841] 处理 'ERR3354500' ...
[2025-08-04 17:55:59] 开始下载 accession 'ERR3354500'（尝试 1/3）
[2025-08-04 17:57:18] accession 'ERR3354500' 下载成功。
[2025-08-04 17:57:18] [20/841] 处理 'ERR3354501' ...
[2025-08-04 17:57:18] 开始下载 accession 'ERR3354501'（尝试 1/3）
[2025-08-04 17:58:01] accession 'ERR3354501' 下载成功。
[2025-08-04 17:58:01] [21/841] 处理 'ERR3354502' ...
[2025-08-04 17:58:01] 开始下载 accession 'ERR3354502'（尝试 1/3）
[2025-08-04 18:06:01] accession 'ERR3354502' 下载成功。
[2025-08-04 18:06:01] [22/841] 处理 'ERR3354503' ...
[2025-08-04 18:06:01] 开始下载 accession 'ERR3354503'（尝试 1/3）
[2025-08-04 18:16:12] accession 'ERR3354503' 下载成功。
[2025-08-04 18:16:12] [23/841] 处理 'ERR3354504' ...
[2025-08-04 18:16:12] 开始下载 accession 'ERR3354504'（尝试 1/3）
[2025-08-04 18:25:17] accession 'ERR3354504' 下载成功。
[2025-08-04 18:25:17] [24/841] 处理 'ERR3354505' ...
[2025-08-04 18:25:17] 开始下载 accession 'ERR3354505'（尝试 1/3）
[2025-08-04 18:36:23] accession 'ERR3354505' 下载成功。
[2025-08-04 18:36:23] [25/841] 处理 'ERR3354506' ...
[2025-08-04 18:36:23] 开始下载 accession 'ERR3354506'（尝试 1/3）
[2025-08-04 18:38:36] accession 'ERR3354506' 下载成功。
[2025-08-04 18:38:36] [26/841] 处理 'ERR3354507' ...
[2025-08-04 18:38:36] 开始下载 accession 'ERR3354507'（尝试 1/3）
[2025-08-04 18:39:35] accession 'ERR3354507' 下载成功。
[2025-08-04 18:39:35] [27/841] 处理 'ERR3354508' ...
[2025-08-04 18:39:35] 开始下载 accession 'ERR3354508'（尝试 1/3）
[2025-08-04 18:40:31] accession 'ERR3354508' 下载成功。
[2025-08-04 18:40:31] [28/841] 处理 'ERR3354509' ...
[2025-08-04 18:40:31] 开始下载 accession 'ERR3354509'（尝试 1/3）
[2025-08-04 18:42:01] accession 'ERR3354509' 下载成功。
[2025-08-04 18:42:01] [29/841] 处理 'ERR3354510' ...
[2025-08-04 18:42:01] 开始下载 accession 'ERR3354510'（尝试 1/3）
[2025-08-04 18:42:34] accession 'ERR3354510' 下载成功。
[2025-08-04 18:42:34] [30/841] 处理 'ERR3354511' ...
[2025-08-04 18:42:34] 开始下载 accession 'ERR3354511'（尝试 1/3）
[2025-08-04 18:43:27] accession 'ERR3354511' 下载成功。
[2025-08-04 18:43:27] [31/841] 处理 'ERR3354512' ...
[2025-08-04 18:43:27] 开始下载 accession 'ERR3354512'（尝试 1/3）
[2025-08-04 18:48:38] accession 'ERR3354512' 下载成功。
[2025-08-04 18:48:38] [32/841] 处理 'ERR2620019' ...
[2025-08-04 18:48:38] 开始下载 accession 'ERR2620019'（尝试 1/3）
[2025-08-04 18:49:02] accession 'ERR2620019' 下载成功。
[2025-08-04 18:49:02] [33/841] 处理 'ERR2620020' ...
[2025-08-04 18:49:02] 开始下载 accession 'ERR2620020'（尝试 1/3）
[2025-08-04 19:48:21] accession 'ERR2620020' 下载成功。
[2025-08-04 19:48:21] [34/841] 处理 'ERR2620021' ...
[2025-08-04 19:48:21] 开始下载 accession 'ERR2620021'（尝试 1/3）
[2025-08-04 20:08:51] accession 'ERR2620021' 下载成功。
[2025-08-04 20:08:51] [35/841] 处理 'ERR2620022' ...
[2025-08-04 20:08:51] 开始下载 accession 'ERR2620022'（尝试 1/3）
[2025-08-04 20:12:09] accession 'ERR2620022' 下载成功。
[2025-08-04 20:12:09] [36/841] 处理 'ERR2620023' ...
[2025-08-04 20:12:09] 开始下载 accession 'ERR2620023'（尝试 1/3）
[2025-08-04 20:13:44] accession 'ERR2620023' 下载成功。
[2025-08-04 20:13:44] [37/841] 处理 'ERR2620024' ...
[2025-08-04 20:13:44] 开始下载 accession 'ERR2620024'（尝试 1/3）
