2025-07-31 12:05:01.450  INFO 2958 --- [main] u.a.e.ena.EnaFileDownloaderApplication   : Starting EnaFileDownloaderApplication using Java 21.0.2-internal on Giantwhite-Biglin with PID 2958 (/mnt/f/OneDrive/文档（科研）/脚本/Download/9-My-Toolskit/1-下载数据/script/2-ENA/func/ena-file-downloader.jar started by luolintao in /mnt/f/OneDrive/文档（科研）/脚本/Download/9-My-Toolskit)
2025-07-31 12:05:01.491 DEBUG 2958 --- [main] u.a.e.ena.EnaFileDownloaderApplication   : Running with Spring Boot v2.4.5, Spring v5.3.6
2025-07-31 12:05:01.491  INFO 2958 --- [main] u.a.e.ena.EnaFileDownloaderApplication   : No active profile set, falling back to default profiles: default
2025-07-31 12:05:06.892  INFO 2958 --- [main] u.a.e.ena.EnaFileDownloaderApplication   : Started EnaFileDownloaderApplication in 7.2 seconds (JVM running for 9.582)
2025-07-31 12:05:06.945  INFO 2958 --- [main] console                                  : Starting download for format:READS_FASTQ at download location:/mnt/c/Users/Administrator/Desktop,protocol:FTP, asperaLoc:null, emailId:null, data hub:null
2025-07-31 12:05:06.959  INFO 2958 --- [main] console                                  : Total 3 sample_accession READS_FASTQ records found
2025-07-31 12:05:07.086  INFO 2958 --- [main] u.a.e.e.b.service.EnaPortalService       : portalAPIEndpoint: https://www.ebi.ac.uk/ena/portal/api/search?result=read_run&includeAccessionType=sample&fields=sample_accession,fastq_bytes,fastq_md5,fastq_ftp&format=json&limit=0&client=ena_file_downloader
2025-07-31 12:05:07.088 DEBUG 2958 --- [main] u.a.e.e.b.service.EnaPortalService       : url:https://www.ebi.ac.uk/ena/portal/api/search?result=read_run&includeAccessionType=sample&fields=sample_accession,fastq_bytes,fastq_md5,fastq_ftp&format=json&limit=0&client=ena_file_downloader, body:includeAccessions=SAMEA117847594
2025-07-31 12:05:08.538  INFO 2958 --- [main] u.a.e.e.b.service.EnaPortalService       : portalAPIEndpoint: https://www.ebi.ac.uk/ena/portal/api/search?result=read_run&includeAccessionType=sample&fields=sample_accession,fastq_bytes,fastq_md5,fastq_ftp&format=json&limit=0&client=ena_file_downloader
2025-07-31 12:05:08.538 DEBUG 2958 --- [main] u.a.e.e.b.service.EnaPortalService       : url:https://www.ebi.ac.uk/ena/portal/api/search?result=read_run&includeAccessionType=sample&fields=sample_accession,fastq_bytes,fastq_md5,fastq_ftp&format=json&limit=0&client=ena_file_downloader, body:includeAccessions=SAMEA117847597
2025-07-31 12:05:08.817  INFO 2958 --- [main] u.a.e.e.b.service.EnaPortalService       : portalAPIEndpoint: https://www.ebi.ac.uk/ena/portal/api/search?result=read_run&includeAccessionType=sample&fields=sample_accession,fastq_bytes,fastq_md5,fastq_ftp&format=json&limit=0&client=ena_file_downloader
2025-07-31 12:05:08.818 DEBUG 2958 --- [main] u.a.e.e.b.service.EnaPortalService       : url:https://www.ebi.ac.uk/ena/portal/api/search?result=read_run&includeAccessionType=sample&fields=sample_accession,fastq_bytes,fastq_md5,fastq_ftp&format=json&limit=0&client=ena_file_downloader, body:includeAccessions=SAMEA117847596
2025-07-31 12:05:09.176  INFO 2958 --- [main] console                                  : Downloading 3 files in total
2025-07-31 12:05:09.212 DEBUG 2958 --- [pool-2-thread-2] u.a.e.e.b.service.FileDownloaderService  : Starting 1 files starting with ftp.sra.ebi.ac.uk/vol1/fastq/ERR147/065/ERR14766765/ERR14766765.fastq.gz
2025-07-31 12:05:09.213  INFO 2958 --- [pool-2-thread-2] u.a.e.e.b.service.FileDownloaderService  : FileURL: ftp://ftp.sra.ebi.ac.uk/vol1/fastq/ERR147/065/ERR14766765/ERR14766765.fastq.gz
2025-07-31 12:05:09.218 DEBUG 2958 --- [pool-2-thread-2] u.a.e.e.b.service.FileDownloaderService  : Downloading ERR14766765.fastq.gz, parentId:SAMEA117847597
2025-07-31 12:05:09.231 DEBUG 2958 --- [pool-2-thread-1] u.a.e.e.b.service.FileDownloaderService  : Starting 1 files starting with ftp.sra.ebi.ac.uk/vol1/fastq/ERR147/062/ERR14766762/ERR14766762.fastq.gz
2025-07-31 12:05:09.231 DEBUG 2958 --- [pool-2-thread-3] u.a.e.e.b.service.FileDownloaderService  : Starting 1 files starting with ftp.sra.ebi.ac.uk/vol1/fastq/ERR147/064/ERR14766764/ERR14766764.fastq.gz
2025-07-31 12:05:09.232  INFO 2958 --- [pool-2-thread-1] u.a.e.e.b.service.FileDownloaderService  : FileURL: ftp://ftp.sra.ebi.ac.uk/vol1/fastq/ERR147/062/ERR14766762/ERR14766762.fastq.gz
2025-07-31 12:05:09.232  INFO 2958 --- [pool-2-thread-3] u.a.e.e.b.service.FileDownloaderService  : FileURL: ftp://ftp.sra.ebi.ac.uk/vol1/fastq/ERR147/064/ERR14766764/ERR14766764.fastq.gz
2025-07-31 12:05:09.238 DEBUG 2958 --- [pool-2-thread-1] u.a.e.e.b.service.FileDownloaderService  : Downloading ERR14766762.fastq.gz, parentId:SAMEA117847594
2025-07-31 12:05:09.238 DEBUG 2958 --- [pool-2-thread-3] u.a.e.e.b.service.FileDownloaderService  : Downloading ERR14766764.fastq.gz, parentId:SAMEA117847596
2025-07-31 12:05:18.299 DEBUG 2958 --- [pool-2-thread-1] u.a.e.e.b.service.FileDownloaderService  : Completed download ERR14766762.fastq.gz, parentId:SAMEA117847594, bytesCopied:18534336
2025-07-31 12:05:18.636 DEBUG 2958 --- [pool-2-thread-1] u.a.e.e.b.service.FileDownloaderService  : MD5 validation successful for file:ftp.sra.ebi.ac.uk/vol1/fastq/ERR147/062/ERR14766762/ERR14766762.fastq.gz
2025-07-31 12:05:18.638 DEBUG 2958 --- [pool-2-thread-1] u.a.e.e.b.service.FileDownloaderService  : /mnt/c/Users/Administrator/Desktop/reads_fastq/SAMEA117847594/ERR14766762/ERR14766762.fastq.gz completed.
