2025-08-03 22:15:23.163  INFO 2876 --- [main] u.a.e.ena.EnaFileDownloaderApplication   : Starting EnaFileDownloaderApplication using Java 21.0.2-internal on Giantwhite-Biglin with PID 2876 (/mnt/f/OneDrive/文档（科研）/脚本/Download/9-My-Toolskit/1-下载数据/script/2-ENA/func/ena-file-downloader.jar started by luolintao in /mnt/f/OneDrive/文档（科研）/脚本/Download/9-My-Toolskit)
2025-08-03 22:15:23.167 DEBUG 2876 --- [main] u.a.e.ena.EnaFileDownloaderApplication   : Running with Spring Boot v2.4.5, Spring v5.3.6
2025-08-03 22:15:23.167  INFO 2876 --- [main] u.a.e.ena.EnaFileDownloaderApplication   : No active profile set, falling back to default profiles: default
2025-08-03 22:15:24.791  INFO 2876 --- [main] u.a.e.ena.EnaFileDownloaderApplication   : Started EnaFileDownloaderApplication in 2.351 seconds (JVM running for 3.449)
2025-08-03 22:15:24.811  INFO 2876 --- [main] console                                  : Starting download for format:READS_FASTQ at download location:/mnt/d/迅雷下载/ENA/,protocol:FTP, asperaLoc:null, emailId:null, data hub:null
2025-08-03 22:15:24.827  INFO 2876 --- [main] console                                  : Total 269 sample_accession READS_FASTQ records found
2025-08-03 22:15:24.951  INFO 2876 --- [main] u.a.e.e.b.service.EnaPortalService       : portalAPIEndpoint: https://www.ebi.ac.uk/ena/portal/api/search?result=read_run&includeAccessionType=sample&fields=sample_accession,fastq_bytes,fastq_md5,fastq_ftp&format=json&limit=0&client=ena_file_downloader
2025-08-03 22:15:24.954 DEBUG 2876 --- [main] u.a.e.e.b.service.EnaPortalService       : url:https://www.ebi.ac.uk/ena/portal/api/search?result=read_run&includeAccessionType=sample&fields=sample_accession,fastq_bytes,fastq_md5,fastq_ftp&format=json&limit=0&client=ena_file_downloader, body:includeAccessions=SAMEA5662571,SAMEA5662577,SAMEA5662585,SAMEA5662581,SAMEA5662590,SAMEA5662583,SAMEA5662561,SAMEA5662563,SAMEA5662565,SAMEA5662580,SAMEA5662567,SAMEA5662573,SAMEA5662569,SAMEA5662578,SAMEA5662564,SAMEA5662566,SAMEA5662568,SAMEA5662570,SAMEA5662576,SAMEA5662587,SAMEA5662589,SAMEA5662572,SAMEA5662582,SAMEA5662562,SAMEA5662574,SAMEA5662579,SAMEA5662586,SAMEA5662584,SAMEA5662575,SAMEA5662588,SAMEA5662591,SAMEA4720739,SAMEA4720740,SAMEA4720741,SAMEA4720742,SAMEA4720743,SAMEA4720744,SAMEA4720745,SAMEA4720746,SAMEA4720747,SAMEA4720748,SAMEA4720749,SAMEA4720750,SAMEA4720751,SAMEA4720752,SAMEA4720753,SAMEA4720754,SAMEA4720755,SAMEA4720756,SAMEA4720757,SAMEA4720758,SAMEA4720759,SAMEA4720760,SAMEA4720761
2025-08-03 22:15:26.222  INFO 2876 --- [main] u.a.e.e.b.service.EnaPortalService       : portalAPIEndpoint: https://www.ebi.ac.uk/ena/portal/api/search?result=read_run&includeAccessionType=sample&fields=sample_accession,fastq_bytes,fastq_md5,fastq_ftp&format=json&limit=0&client=ena_file_downloader
2025-08-03 22:15:26.223 DEBUG 2876 --- [main] u.a.e.e.b.service.EnaPortalService       : url:https://www.ebi.ac.uk/ena/portal/api/search?result=read_run&includeAccessionType=sample&fields=sample_accession,fastq_bytes,fastq_md5,fastq_ftp&format=json&limit=0&client=ena_file_downloader, body:includeAccessions=SAMEA104600819,SAMEA104600823,SAMEA104600825,SAMEA104600826,SAMEA104600828,SAMEA104600830,SAMEA104600811,SAMEA104600831,SAMEA104600818,SAMEA104600812,SAMEA104600813,SAMEA104600827,SAMEA104600817,SAMEA104600820,SAMEA104600829,SAMEA104600824,SAMEA104600816,SAMEA104600814,SAMEA104600815,SAMEA104600821,SAMEA104600822,SAMEA7422992,SAMEA7422998,SAMEA7423000,SAMEA7422991,SAMEA7422993,SAMEA7422996,SAMEA7422989,SAMEA7422994,SAMEA7422997,SAMEA7422995,SAMEA7422990,SAMEA7422999,SAMEA104281218,SAMEA104281221,SAMEA104281224,SAMEA104281219,SAMEA104281225,SAMEA104281223,SAMEA104281226,SAMEA104281217,SAMEA104281220,SAMEA104281222,SAMEA104281227,SAMEA5538264,SAMEA5538288,SAMEA5538289,SAMEA5538290,SAMEA5538287,SAMEA5538265,SAMEA5538266,SAMEA5538262,SAMEA5538240,SAMEA5538281
2025-08-03 22:15:27.297  INFO 2876 --- [main] u.a.e.e.b.service.EnaPortalService       : portalAPIEndpoint: https://www.ebi.ac.uk/ena/portal/api/search?result=read_run&includeAccessionType=sample&fields=sample_accession,fastq_bytes,fastq_md5,fastq_ftp&format=json&limit=0&client=ena_file_downloader
2025-08-03 22:15:27.298 DEBUG 2876 --- [main] u.a.e.e.b.service.EnaPortalService       : url:https://www.ebi.ac.uk/ena/portal/api/search?result=read_run&includeAccessionType=sample&fields=sample_accession,fastq_bytes,fastq_md5,fastq_ftp&format=json&limit=0&client=ena_file_downloader, body:includeAccessions=SAMEA5538236,SAMEA5538249,SAMEA5538253,SAMEA5538255,SAMEA5538286,SAMEA5538260,SAMEA5538239,SAMEA5538285,SAMEA5538291,SAMEA5538267,SAMEA5538252,SAMEA5538277,SAMEA5538270,SAMEA5538279,SAMEA5538280,SAMEA5538275,SAMEA5538237,SAMEA5538238,SAMEA5538242,SAMEA5538243,SAMEA5538244,SAMEA5538246,SAMEA5538247,SAMEA5538248,SAMEA5538254,SAMEA5538257,SAMEA5538259,SAMEA5538261,SAMEA5538241,SAMEA5538271,SAMEA5538263,SAMEA5538273,SAMEA5538269,SAMEA5538272,SAMEA5538282,SAMEA5538283,SAMEA5538284,SAMEA5538278,SAMEA5538274,SAMEA5538276,SAMEA5538268,SAMEA5538245,SAMEA5538250,SAMEA5538251,SAMEA5538258,SAMEA5538256,SAMEA8702089,SAMEA8702090,SAMEA8702091,SAMEA8702094,SAMEA8702106,SAMEA8702110,SAMEA8702113,SAMEA8702115
2025-08-03 22:15:27.624  INFO 2876 --- [main] u.a.e.e.b.service.EnaPortalService       : portalAPIEndpoint: https://www.ebi.ac.uk/ena/portal/api/search?result=read_run&includeAccessionType=sample&fields=sample_accession,fastq_bytes,fastq_md5,fastq_ftp&format=json&limit=0&client=ena_file_downloader
2025-08-03 22:15:27.624 DEBUG 2876 --- [main] u.a.e.e.b.service.EnaPortalService       : url:https://www.ebi.ac.uk/ena/portal/api/search?result=read_run&includeAccessionType=sample&fields=sample_accession,fastq_bytes,fastq_md5,fastq_ftp&format=json&limit=0&client=ena_file_downloader, body:includeAccessions=SAMEA8702120,SAMEA8702121,SAMEA8702096,SAMEA8702097,SAMEA8702099,SAMEA8702100,SAMEA8702103,SAMEA8702109,SAMEA8702117,SAMEA8702118,SAMEA8702119,SAMEA8702092,SAMEA8702093,SAMEA8702095,SAMEA8702098,SAMEA8702101,SAMEA8702102,SAMEA8702104,SAMEA8702105,SAMEA8702107,SAMEA8702108,SAMEA8702111,SAMEA8702112,SAMEA8702114,SAMEA8702116,SAMEA8702122,SAMEA8702123,SAMEA7600818,SAMEA7600819,SAMEA7600820,SAMEA7600821,SAMEA7600822,SAMEA7600824,SAMEA7600825,SAMEA7600826,SAMEA7600827,SAMEA7600830,SAMEA7600831,SAMEA7600833,SAMEA7600832,SAMEA7600829,SAMEA7600834,SAMEA7600835,SAMEA7600836,SAMEA7600837,SAMEA7600838,SAMEA7600839,SAMEA7600840,SAMEA7600841,SAMEA7600817,SAMEA7600823,SAMEA7600828,SAMEA8779609,SAMEA5277533
2025-08-03 22:15:29.115  INFO 2876 --- [main] u.a.e.e.b.service.EnaPortalService       : portalAPIEndpoint: https://www.ebi.ac.uk/ena/portal/api/search?result=read_run&includeAccessionType=sample&fields=sample_accession,fastq_bytes,fastq_md5,fastq_ftp&format=json&limit=0&client=ena_file_downloader
2025-08-03 22:15:29.115 DEBUG 2876 --- [main] u.a.e.e.b.service.EnaPortalService       : url:https://www.ebi.ac.uk/ena/portal/api/search?result=read_run&includeAccessionType=sample&fields=sample_accession,fastq_bytes,fastq_md5,fastq_ftp&format=json&limit=0&client=ena_file_downloader, body:includeAccessions=SAMEA5277538,SAMEA5277543,SAMEA5277534,SAMEA5277539,SAMEA5277540,SAMEA5277536,SAMEA5277535,SAMEA5277537,SAMEA5277541,SAMEA5277542,SAMEA7190256,SAMEA7190257,SAMEA7190259,SAMEA7190260,SAMEA7190275,SAMEA7190264,SAMEA7190266,SAMEA7190267,SAMEA7190273,SAMEA7190258,SAMEA7190261,SAMEA7190262,SAMEA7190263,SAMEA7190265,SAMEA7190272,SAMEA7190276,SAMEA7190268,SAMEA7190269,SAMEA7190270,SAMEA7190274,SAMEA7190271,SAMEA7050456,SAMEA7050454,SAMEA7050455,SAMEA7050465,SAMEA7050457,SAMEA7050468,SAMEA7050458,SAMEA7050471,SAMEA7050461,SAMEA7050462,SAMEA7050464,SAMEA7050473,SAMEA7050466,SAMEA7050472,SAMEA7050404,SAMEA7050460,SAMEA7050459,SAMEA7050474,SAMEA7050463,SAMEA7050467,SAMEA7050469,SAMEA7050470
2025-08-03 22:15:29.743  INFO 2876 --- [main] console                                  : Downloading 1266 files in total
2025-08-03 22:15:29.771 DEBUG 2876 --- [pool-2-thread-1] u.a.e.e.b.service.FileDownloaderService  : Starting 54 files starting with ftp.sra.ebi.ac.uk/vol1/fastq/ERR335/002/ERR3354482/ERR3354482.fastq.gz
2025-08-03 22:15:29.772 DEBUG 2876 --- [pool-2-thread-2] u.a.e.e.b.service.FileDownloaderService  : Starting 112 files starting with ftp.sra.ebi.ac.uk/vol1/fastq/ERR211/001/ERR2111941/ERR2111941.fastq.gz
2025-08-03 22:15:29.772  INFO 2876 --- [pool-2-thread-2] u.a.e.e.b.service.FileDownloaderService  : FileURL: ftp://ftp.sra.ebi.ac.uk/vol1/fastq/ERR211/001/ERR2111941/ERR2111941.fastq.gz
2025-08-03 22:15:29.772  INFO 2876 --- [pool-2-thread-1] u.a.e.e.b.service.FileDownloaderService  : FileURL: ftp://ftp.sra.ebi.ac.uk/vol1/fastq/ERR335/002/ERR3354482/ERR3354482.fastq.gz
2025-08-03 22:15:29.772 DEBUG 2876 --- [pool-2-thread-3] u.a.e.e.b.service.FileDownloaderService  : Starting 54 files starting with ftp.sra.ebi.ac.uk/vol1/fastq/ERR326/009/ERR3262749/ERR3262749.fastq.gz
2025-08-03 22:15:29.773  INFO 2876 --- [pool-2-thread-3] u.a.e.e.b.service.FileDownloaderService  : FileURL: ftp://ftp.sra.ebi.ac.uk/vol1/fastq/ERR326/009/ERR3262749/ERR3262749.fastq.gz
2025-08-03 22:15:29.777 DEBUG 2876 --- [pool-2-thread-3] u.a.e.e.b.service.FileDownloaderService  : Downloading ERR3262749.fastq.gz, parentId:SAMEA5538236
2025-08-03 22:15:29.777 DEBUG 2876 --- [pool-2-thread-1] u.a.e.e.b.service.FileDownloaderService  : Downloading ERR3354482.fastq.gz, parentId:SAMEA5662583
2025-08-03 22:15:29.790 DEBUG 2876 --- [pool-2-thread-2] u.a.e.e.b.service.FileDownloaderService  : Downloading ERR2111941.fastq.gz, parentId:SAMEA104281218
2025-08-03 22:15:39.951 DEBUG 2876 --- [pool-2-thread-3] u.a.e.e.b.service.FileDownloaderService  : Completed download ERR3262749.fastq.gz, parentId:SAMEA5538236, bytesCopied:2290941
2025-08-03 22:15:39.997 DEBUG 2876 --- [pool-2-thread-3] u.a.e.e.b.service.FileDownloaderService  : MD5 validation successful for file:ftp.sra.ebi.ac.uk/vol1/fastq/ERR326/009/ERR3262749/ERR3262749.fastq.gz
2025-08-03 22:15:39.997 DEBUG 2876 --- [pool-2-thread-3] u.a.e.e.b.service.FileDownloaderService  : /mnt/d/迅雷下载/ENA//reads_fastq/SAMEA5538236/ERR3262749/ERR3262749.fastq.gz completed.
2025-08-03 22:15:39.997  INFO 2876 --- [pool-2-thread-3] u.a.e.e.b.service.FileDownloaderService  : FileURL: ftp://ftp.sra.ebi.ac.uk/vol1/fastq/ERR326/000/ERR3262760/ERR3262760.fastq.gz
2025-08-03 22:15:39.998 DEBUG 2876 --- [pool-2-thread-3] u.a.e.e.b.service.FileDownloaderService  : Downloading ERR3262760.fastq.gz, parentId:SAMEA5538249
2025-08-03 22:16:14.188 DEBUG 2876 --- [pool-2-thread-3] u.a.e.e.b.service.FileDownloaderService  : Completed download ERR3262760.fastq.gz, parentId:SAMEA5538249, bytesCopied:51893393
2025-08-03 22:16:15.140 DEBUG 2876 --- [pool-2-thread-3] u.a.e.e.b.service.FileDownloaderService  : MD5 validation successful for file:ftp.sra.ebi.ac.uk/vol1/fastq/ERR326/000/ERR3262760/ERR3262760.fastq.gz
2025-08-03 22:16:15.140 DEBUG 2876 --- [pool-2-thread-3] u.a.e.e.b.service.FileDownloaderService  : /mnt/d/迅雷下载/ENA//reads_fastq/SAMEA5538249/ERR3262760/ERR3262760.fastq.gz completed.
2025-08-03 22:16:15.141  INFO 2876 --- [pool-2-thread-3] u.a.e.e.b.service.FileDownloaderService  : FileURL: ftp://ftp.sra.ebi.ac.uk/vol1/fastq/ERR326/004/ERR3262764/ERR3262764.fastq.gz
2025-08-03 22:16:15.153 DEBUG 2876 --- [pool-2-thread-3] u.a.e.e.b.service.FileDownloaderService  : Downloading ERR3262764.fastq.gz, parentId:SAMEA5538253
2025-08-03 22:16:30.062 DEBUG 2876 --- [pool-2-thread-3] u.a.e.e.b.service.FileDownloaderService  : Completed download ERR3262764.fastq.gz, parentId:SAMEA5538253, bytesCopied:41362432
2025-08-03 22:16:30.769 DEBUG 2876 --- [pool-2-thread-3] u.a.e.e.b.service.FileDownloaderService  : MD5 validation successful for file:ftp.sra.ebi.ac.uk/vol1/fastq/ERR326/004/ERR3262764/ERR3262764.fastq.gz
2025-08-03 22:16:30.770 DEBUG 2876 --- [pool-2-thread-3] u.a.e.e.b.service.FileDownloaderService  : /mnt/d/迅雷下载/ENA//reads_fastq/SAMEA5538253/ERR3262764/ERR3262764.fastq.gz completed.
2025-08-03 22:16:30.770  INFO 2876 --- [pool-2-thread-3] u.a.e.e.b.service.FileDownloaderService  : FileURL: ftp://ftp.sra.ebi.ac.uk/vol1/fastq/ERR326/006/ERR3262766/ERR3262766.fastq.gz
2025-08-03 22:16:30.772 DEBUG 2876 --- [pool-2-thread-3] u.a.e.e.b.service.FileDownloaderService  : File ERR3262766.fastq.gz already exists and size matches 4023653. Skipping.
2025-08-03 22:16:30.772  INFO 2876 --- [pool-2-thread-3] u.a.e.e.b.service.FileDownloaderService  : FileURL: ftp://ftp.sra.ebi.ac.uk/vol1/fastq/ERR589/009/ERR5897769/ERR5897769.fastq.gz
2025-08-03 22:16:30.773  WARN 2876 --- [pool-2-thread-3] u.a.e.e.b.service.FileDownloaderService  : File ERR5897769.fastq.gz exists but size mismatch 425770794. Redownloading
2025-08-03 22:16:30.774 DEBUG 2876 --- [pool-2-thread-3] u.a.e.e.b.service.FileDownloaderService  : Downloading ERR5897769.fastq.gz, parentId:SAMEA8702089
2025-08-03 22:24:25.372 DEBUG 2876 --- [pool-2-thread-3] u.a.e.e.b.service.FileDownloaderService  : Completed download ERR5897769.fastq.gz, parentId:SAMEA8702089, bytesCopied:425770794
2025-08-03 22:24:25.377 ERROR 2876 --- [pool-2-thread-3] u.a.e.e.b.service.FileDownloaderService  : IOException encountered while calculating MD5

java.io.FileNotFoundException: /mnt/d/迅雷下载/ENA/reads_fastq/SAMEA8702089/ERR5897769/ERR5897769.fastq.gz (No such file or directory)
	at java.base/java.io.FileInputStream.open0(Native Method)
	at java.base/java.io.FileInputStream.open(FileInputStream.java:213)
	at java.base/java.io.FileInputStream.<init>(FileInputStream.java:152)
	at java.base/java.io.FileInputStream.<init>(FileInputStream.java:106)
	at uk.ac.ebi.ena.backend.service.FileDownloaderService.isDownloadSuccessful(FileDownloaderService.java:69)
	at uk.ac.ebi.ena.backend.service.FileDownloaderService.lambda$startDownload$0(FileDownloaderService.java:233)
	at java.base/java.util.concurrent.FutureTask.run(FutureTask.java:317)
	at java.base/java.util.concurrent.ThreadPoolExecutor.runWorker(ThreadPoolExecutor.java:1144)
	at java.base/java.util.concurrent.ThreadPoolExecutor$Worker.run(ThreadPoolExecutor.java:642)
	at java.base/java.lang.Thread.run(Thread.java:1583)

2025-08-03 22:24:25.377 ERROR 2876 --- [pool-2-thread-3] u.a.e.e.b.service.FileDownloaderService  : Exception occurred while downloading file:ERR5897769.fastq.gz, experimentId:SAMEA8702089 

java.lang.IllegalStateException: IOException encountered while calculating MD5
	at uk.ac.ebi.ena.backend.service.FileDownloaderService.isDownloadSuccessful(FileDownloaderService.java:82)
	at uk.ac.ebi.ena.backend.service.FileDownloaderService.lambda$startDownload$0(FileDownloaderService.java:233)
	at java.base/java.util.concurrent.FutureTask.run(FutureTask.java:317)
	at java.base/java.util.concurrent.ThreadPoolExecutor.runWorker(ThreadPoolExecutor.java:1144)
	at java.base/java.util.concurrent.ThreadPoolExecutor$Worker.run(ThreadPoolExecutor.java:642)
	at java.base/java.lang.Thread.run(Thread.java:1583)
Caused by: java.io.FileNotFoundException: /mnt/d/迅雷下载/ENA/reads_fastq/SAMEA8702089/ERR5897769/ERR5897769.fastq.gz (No such file or directory)
	at java.base/java.io.FileInputStream.open0(Native Method)
	at java.base/java.io.FileInputStream.open(FileInputStream.java:213)
	at java.base/java.io.FileInputStream.<init>(FileInputStream.java:152)
	at java.base/java.io.FileInputStream.<init>(FileInputStream.java:106)
	at uk.ac.ebi.ena.backend.service.FileDownloaderService.isDownloadSuccessful(FileDownloaderService.java:69)
	... 5 common frames omitted

2025-08-03 22:24:25.377  INFO 2876 --- [pool-2-thread-3] u.a.e.e.b.service.FileDownloaderService  : FileURL: ftp://ftp.sra.ebi.ac.uk/vol1/fastq/ERR589/000/ERR5897770/ERR5897770.fastq.gz
2025-08-03 22:24:25.379 DEBUG 2876 --- [pool-2-thread-3] u.a.e.e.b.service.FileDownloaderService  : Downloading ERR5897770.fastq.gz, parentId:SAMEA8702090
